#
# There is insufficient memory for the Java Runtime Environment to continue.
# Native memory allocation (mmap) failed to map 666894336 bytes for G1 virtual space
# Possible reasons:
#   The system is out of physical RAM or swap space
#   The process is running with CompressedOops enabled, and the Java Heap may be blocking the growth of the native heap
# Possible solutions:
#   Reduce memory load on the system
#   Increase physical memory or swap space
#   Check if swap backing store is full
#   Decrease Java heap size (-Xmx/-Xms)
#   Decrease number of Java threads
#   Decrease Java thread stack sizes (-Xss)
#   Set larger code cache with -XX:ReservedCodeCacheSize=
#   JVM is running with Zero Based Compressed Oops mode in which the Java heap is
#     placed in the first 32GB address space. The Java Heap base address is the
#     maximum limit for the native heap growth. Please use -XX:HeapBaseMinAddress
#     to set the Java Heap base and to place the Java Heap above 32GB virtual address.
# This output file may be truncated or incomplete.
#
#  Out of Memory Error (os_windows.cpp:3528), pid=3588, tid=5172
#
# JRE version: Java(TM) SE Runtime Environment (20.0.1+9) (build 20.0.1+9-29)
# Java VM: Java HotSpot(TM) 64-Bit Server VM (20.0.1+9-29, mixed mode, sharing, tiered, compressed oops, compressed class ptrs, g1 gc, windows-amd64)
# No core dump will be written. Minidumps are not enabled by default on client versions of Windows
#

---------------  S U M M A R Y ------------

Command Line: -agentlib:jdwp=transport=dt_socket,server=n,suspend=y,address=localhost:61339 --module-path=D:\\EDM115\\Programmes\\Java\\javafx-sdk-20.0.1\\lib --add-modules=javafx.controls,javafx.fxml,javafx.graphics,javafx.media,javafx.web --enable-preview --enable-preview -XX:+ShowCodeDetailsInExceptionMessages frontend.Accueil

Host: AMD Ryzen 5 5500U with Radeon Graphics         , 12 cores, 13G,  Windows 11 , 64 bit Build 22621 (10.0.22621.1778)
Time: Thu Jun 22 01:36:50 2023 Paris, Madrid (heure duild 22621 (10.0.22621.1778) elapsed time: 60.334597 seconds (0d 0h 1m 0s)

---------------  T H R E A D  ---------------

Current thread (0x000002297f7b4010):  VMThread "VM Thread" [stack: 0x000000f7eec00000,0x000000f7eed00000] [id=5172]

Stack: [0x000000f7eec00000,0x000000f7eed00000]
Native frames: (J=compiled Java code, j=interpreted, Vv=VM code, C=native code)
V  [jvm.dll+0x6bb95a]
V  [jvm.dll+0x8485fa]
V  [jvm.dll+0x84a1f5]
V  [jvm.dll+0x84a8f3]
V  [jvm.dll+0x280b0f]
V  [jvm.dll+0x6b86e9]
V  [jvm.dll+0x6ad2da]
V  [jvm.dll+0x35adf5]
V  [jvm.dll+0x363016]
V  [jvm.dll+0x3b3b3e]
V  [jvm.dll+0x3b3dc5]
V  [jvm.dll+0x32b50a]
V  [jvm.dll+0x32b5b7]
V  [jvm.dll+0x373942]
V  [jvm.dll+0x372140]
V  [jvm.dll+0x32ac51]
V  [jvm.dll+0x371b58]
V  [jvm.dll+0x85023e]
V  [jvm.dll+0x851351]
V  [jvm.dll+0x851859]
V  [jvm.dll+0x851ad3]
V  [jvm.dll+0x7f4b56]
V  [jvm.dll+0x6ba5cb]
C  [ucrtbase.dll+0x29363]
C  [KERNEL32.DLL+0x126ad]
C  [ntdll.dll+0x5a9f8]

VM_Operation (0x000000f7efdfb078): G1TryInitiateConcMark, mode: safepoint, requested by thread 0x00000229210608d0


---------------  P R O C E S S  ---------------

Threads class SMR info:
_java_thread_list=0x0000022992f76c60, length=45, elements={
0x000002297d08f710, 0x000002297f7cd040, 0x000002297f7cdb80, 0x000002297f7d2a90,
0x000002297f7d5510, 0x000002297f7d8130, 0x000002297f7d94e0, 0x000002297f7db700,
0x000002297f7ec600, 0x0000022920a0c760, 0x0000022920cb4cb0, 0x00000229213c59f0,
0x0000022921259230, 0x0000022920c76b70, 0x00000229210608d0, 0x0000022921240b10,
0x0000022921241470, 0x0000022921445860, 0x000002292141ff10, 0x00000229268f5c80,
0x00000229268f6c70, 0x00000229268f8c50, 0x00000229268f8700, 0x0000022920b75bd0,
0x0000022920b75680, 0x0000022920b7a0e0, 0x0000022920b75130, 0x0000022920b76120,
0x0000022920b77110, 0x0000022920b77660, 0x0000022920b77bb0, 0x0000022920b78100,
0x0000022920b78650, 0x0000022920b78ba0, 0x0000022920b790f0, 0x0000022920b7c0c0,
0x0000022920b7ab80, 0x0000022920b79b90, 0x0000022920b7a630, 0x0000022920b7b0d0,
0x000002292f28e3d0, 0x000002298cb52af0, 0x000002298be5c1b0, 0x0000022977d9f6b0,
0x0000022971755940
}

Java Threads: ( => current thread )
  0x000002297d08f710 JavaThread "main" [_thread_blocked, id=8884, stack(0x000000f7ee600000,0x000000f7ee700000)]
  0x000002297f7cd040 JavaThread "Reference Handler" daemon [_thread_blocked, id=5524, stack(0x000000f7eed00000,0x000000f7eee00000)]
  0x000002297f7cdb80 JavaThread "Finalizer" daemon [_thread_blocked, id=84, stack(0x000000f7eee00000,0x000000f7eef00000)]
  0x000002297f7d2a90 JavaThread "Signal Dispatcher" daemon [_thread_blocked, id=2756, stack(0x000000f7eef00000,0x000000f7ef000000)]
  0x000002297f7d5510 JavaThread "Attach Listener" daemon [_thread_blocked, id=11704, stack(0x000000f7ef000000,0x000000f7ef100000)]
  0x000002297f7d8130 JavaThread "Service Thread" daemon [_thread_blocked, id=336, stack(0x000000f7ef100000,0x000000f7ef200000)]
  0x000002297f7d94e0 JavaThread "Monitor Deflation Thread" daemon [_thread_blocked, id=13464, stack(0x000000f7ef200000,0x000000f7ef300000)]
  0x000002297f7db700 JavaThread "C2 CompilerThread0" daemon [_thread_blocked, id=13584, stack(0x000000f7ef300000,0x000000f7ef400000)]
  0x000002297f7ec600 JavaThread "C1 CompilerThread0" daemon [_thread_blocked, id=16876, stack(0x000000f7ef400000,0x000000f7ef500000)]
  0x0000022920a0c760 JavaThread "Common-Cleaner" daemon [_thread_blocked, id=15616, stack(0x000000f7ef500000,0x000000f7ef600000)]
  0x0000022920cb4cb0 JavaThread "JDWP Transport Listener: dt_socket" daemon [_thread_blocked, id=17976, stack(0x000000f7ef800000,0x000000f7ef900000)]
  0x00000229213c59f0 JavaThread "JDWP Event Helper Thread" daemon [_thread_blocked, id=14004, stack(0x000000f7ef900000,0x000000f7efa00000)]
  0x0000022921259230 JavaThread "JDWP Command Reader" daemon [_thread_blocked, id=16000, stack(0x000000f7efa00000,0x000000f7efb00000)]
  0x0000022920c76b70 JavaThread "Notification Thread" daemon [_thread_blocked, id=6044, stack(0x000000f7efb00000,0x000000f7efc00000)]
  0x00000229210608d0 JavaThread "QuantumRenderer-0" daemon [_thread_blocked, id=18216, stack(0x000000f7efd00000,0x000000f7efe00000)]
  0x0000022921240b10 JavaThread "InvokeLaterDispatcher" daemon [_thread_blocked, id=2832, stack(0x000000f7f0000000,0x000000f7f0100000)]
  0x0000022921241470 JavaThread "JavaFX Application Thread" [_thread_blocked, id=10904, stack(0x000000f7f0100000,0x000000f7f0200000)]
  0x0000022921445860 JavaThread "JavaFX-Launcher" [_thread_blocked, id=17968, stack(0x000000f7f0b00000,0x000000f7f0c00000)]
  0x000002292141ff10 JavaThread "Thread-2" daemon [_thread_blocked, id=8200, stack(0x000000f7f0a00000,0x000000f7f0b00000)]
  0x00000229268f5c80 JavaThread "Prism Font Disposer" daemon [_thread_blocked, id=13748, stack(0x000000f7f1200000,0x000000f7f1300000)]
  0x00000229268f6c70 JavaThread "Cleaner-0" daemon [_thread_blocked, id=15280, stack(0x000000f7ef700000,0x000000f7ef800000)]
  0x00000229268f8c50 JavaThread "mysql-cj-abandoned-connection-cleanup" daemon [_thread_blocked, id=13324, stack(0x000000f7ef600000,0x000000f7ef700000)]
  0x00000229268f8700 JavaThread "Disposer" daemon [_thread_blocked, id=13732, stack(0x000000f7f2100000,0x000000f7f2200000)]
  0x0000022920b75bd0 JavaThread "HttpClient-1-SelectorManager" daemon [_thread_blocked, id=15632, stack(0x000000f7f2200000,0x000000f7f2300000)]
  0x0000022920b75680 JavaThread "HttpClient-1-Worker-0" daemon [_thread_blocked, id=6076, stack(0x000000f7f2300000,0x000000f7f2400000)]
  0x0000022920b7a0e0 JavaThread "HttpClient-1-Worker-1" daemon [_thread_blocked, id=13128, stack(0x000000f7f2d00000,0x000000f7f2e00000)]
  0x0000022920b75130 JavaThread "ForkJoinPool.commonPool-worker-1" daemon [_thread_blocked, id=4640, stack(0x000000f7f2e00000,0x000000f7f2f00000)]
  0x0000022920b76120 JavaThread "ForkJoinPool.commonPool-worker-2" daemon [_thread_blocked, id=9628, stack(0x000000f7f2f00000,0x000000f7f3000000)]
  0x0000022920b77110 JavaThread "Thread-5" daemon [_thread_in_native, id=17916, stack(0x000000f7f3000000,0x000000f7f3100000)]
  0x0000022920b77660 JavaThread "HttpClient-1-Worker-2" daemon [_thread_blocked, id=14788, stack(0x000000f7f3400000,0x000000f7f3500000)]
  0x0000022920b77bb0 JavaThread "HttpClient-1-Worker-3" daemon [_thread_blocked, id=16668, stack(0x000000f7f3600000,0x000000f7f3700000)]
  0x0000022920b78100 JavaThread "HttpClient-1-Worker-4" daemon [_thread_blocked, id=18128, stack(0x000000f7f3700000,0x000000f7f3800000)]
  0x0000022920b78650 JavaThread "HttpClient-1-Worker-5" daemon [_thread_blocked, id=12804, stack(0x000000f7f3800000,0x000000f7f3900000)]
  0x0000022920b78ba0 JavaThread "HttpClient-1-Worker-6" daemon [_thread_blocked, id=3900, stack(0x000000f7f3900000,0x000000f7f3a00000)]
  0x0000022920b790f0 JavaThread "HttpClient-1-Worker-7" daemon [_thread_blocked, id=16368, stack(0x000000f7f3a00000,0x000000f7f3b00000)]
  0x0000022920b7c0c0 JavaThread "HttpClient-1-Worker-8" daemon [_thread_blocked, id=11732, stack(0x000000f7f3b00000,0x000000f7f3c00000)]
  0x0000022920b7ab80 JavaThread "HttpClient-1-Worker-9" daemon [_thread_blocked, id=7228, stack(0x000000f7f3c00000,0x000000f7f3d00000)]
  0x0000022920b79b90 JavaThread "HttpClient-1-Worker-10" daemon [_thread_blocked, id=14820, stack(0x000000f7f3d00000,0x000000f7f3e00000)]
  0x0000022920b7a630 JavaThread "HttpClient-1-Worker-11" daemon [_thread_blocked, id=15440, stack(0x000000f7f3e00000,0x000000f7f3f00000)]
  0x0000022920b7b0d0 JavaThread "ForkJoinPool.commonPool-worker-3" daemon [_thread_blocked, id=5704, stack(0x000000f7f3f00000,0x000000f7f4000000)]
  0x000002292f28e3d0 JavaThread "ForkJoinPool.commonPool-worker-4" daemon [_thread_blocked, id=11976, stack(0x000000f7f4100000,0x000000f7f4200000)]
  0x000002298cb52af0 JavaThread "ForkJoinPool.commonPool-worker-5" daemon [_thread_blocked, id=2308, stack(0x000000f7f4400000,0x000000f7f4500000)]
  0x000002298be5c1b0 JavaThread "ForkJoinPool.commonPool-worker-6" daemon [_thread_blocked, id=11600, stack(0x000000f7f4700000,0x000000f7f4800000)]
  0x0000022977d9f6b0 JavaThread "ForkJoinPool.commonPool-worker-7" daemon [_thread_blocked, id=16944, stack(0x000000f7ee300000,0x000000f7ee400000)]
  0x0000022971755940 JavaThread "Thread-406" daemon [_thread_in_native, id=14932, stack(0x000000f7f5200000,0x000000f7f5300000)]

Other Threads:
=>0x000002297f7b4010 VMThread "VM Thread" [stack: 0x000000f7eec00000,0x000000f7eed00000] [id=5172]
  0x000002292106e860 WatcherThread "VM Periodic Task Thread" [stack: 0x000000f7efc00000,0x000000f7efd00000] [id=12240]
  0x000002297d0f3f20 WorkerThread "GC Thread#0" [stack: 0x000000f7ee700000,0x000000f7ee800000] [id=8052]
  0x0000022921467c80 WorkerThread "GC Thread#1" [stack: 0x000000f7f0c00000,0x000000f7f0d00000] [id=11908]
  0x000002292145dac0 WorkerThread "GC Thread#2" [stack: 0x000000f7f0d00000,0x000000f7f0e00000] [id=13072]
  0x00000229214c8280 WorkerThread "GC Thread#3" [stack: 0x000000f7f0e00000,0x000000f7f0f00000] [id=12400]
  0x00000229214c6ed0 WorkerThread "GC Thread#4" [stack: 0x000000f7f0f00000,0x000000f7f1000000] [id=9368]
  0x00000229214c7a10 WorkerThread "GC Thread#5" [stack: 0x000000f7f1000000,0x000000f7f1100000] [id=11676]
  0x00000229266f2340 WorkerThread "GC Thread#6" [stack: 0x000000f7f1300000,0x000000f7f1400000] [id=11316]
  0x00000229266f2070 WorkerThread "GC Thread#7" [stack: 0x000000f7f1400000,0x000000f7f1500000] [id=3016]
  0x00000229266f2610 WorkerThread "GC Thread#8" [stack: 0x000000f7f1500000,0x000000f7f1600000] [id=7476]
  0x00000229266f1ad0 WorkerThread "GC Thread#9" [stack: 0x000000f7f1600000,0x000000f7f1700000] [id=5236]
  0x000002297d103bd0 ConcurrentGCThread "G1 Main Marker" [stack: 0x000000f7ee800000,0x000000f7ee900000] [id=14472]
  0x000002297d104900 WorkerThread "G1 Conc#0" [stack: 0x000000f7ee900000,0x000000f7eea00000] [id=11124]
  0x00000229266f1da0 WorkerThread "G1 Conc#1" [stack: 0x000000f7f1b00000,0x000000f7f1c00000] [id=7564]
  0x00000229266f28e0 WorkerThread "G1 Conc#2" [stack: 0x000000f7f1c00000,0x000000f7f1d00000] [id=15132]
  0x000002297f66d130 ConcurrentGCThread "G1 Refine#0" [stack: 0x000000f7eea00000,0x000000f7eeb00000] [id=1756]
  0x000002297d14e130 ConcurrentGCThread "G1 Service" [stack: 0x000000f7eeb00000,0x000000f7eec00000] [id=328]

Threads with active compile tasks:

VM state: at safepoint (normal execution)

VM Mutex/Monitor currently owned by a thread:  ([mutex/lock_event])
[0x000002297d08c400] Threads_lock - owner thread: 0x000002297f7b4010
[0x000002297d08bd40] Heap_lock - owner thread: 0x00000229210608d0

Heap address: 0x0000000722600000, size: 3546 MB, Compressed Oops mode: Zero based, Oop shift amount: 3

CDS archive(s) mapped at: [0x0000000800000000-0x0000000800c60000-0x0000000800c60000), size 12976128, SharedBaseAddress: 0x0000000800000000, ArchiveRelocationMode: 0.
Compressed class space mapped at: 0x0000000801000000-0x0000000841000000, reserved size: 1073741824
Narrow klass base: 0x0000000800000000, Narrow klass shift: 0, Narrow klass range: 0x100000000

GC Precious Log:
 CardTable entry size: 512
 Card Set container configuration: InlinePtr #cards 4 size 8 Array Of Cards #cards 16 size 48 Howl #buckets 8 coarsen threshold 3686 Howl Bitmap #cards 512 size 80 coarsen threshold 460 Card regions per heap region 1 cards per card region 4096
 CPUs: 12 total, 12 available
 Memory: 14181M
 Large Page Support: Disabled
 NUMA Support: Disabled
 Compressed Oops: Enabled (Zero based)
 Heap Region Size: 2M
 Heap Min Capacity: 8M
 Heap Initial Capacity: 222M
 Heap Max Capacity: 3546M
 Pre-touch: Disabled
 Parallel Workers: 10
 Concurrent Workers: 3
 Concurrent Refinement Workers: 10
 Periodic GC: Disabled

Heap:
 garbage-first heap   total 325632K, used 163589K [0x0000000722600000, 0x0000000800000000)
  region size 2048K, 1 young (2048K), 1 survivors (2048K)
 Metaspace       used 35884K, committed 36416K, reserved 1114112K
  class space    used 4619K, committed 4864K, reserved 1048576K

Heap Regions: E=young(eden), S=young(survivor), O=old, HS=humongous(starts), HC=humongous(continues), CS=collection set, F=free, OA=open archive, CA=closed archive, TAMS=top-at-mark-start, PB=parsable bottom
|   0|0x0000000722600000, 0x0000000722800000, 0x0000000722800000|100%| O|  |TAMS 0x0000000722800000| PB 0x0000000722600000| Untracked 
|   1|0x0000000722800000, 0x00000007229ffff0, 0x0000000722a00000| 99%| O|  |TAMS 0x00000007229ffff0| PB 0x0000000722800000| Untracked 
|   2|0x0000000722a00000, 0x0000000722bc63f8, 0x0000000722c00000| 88%| O|  |TAMS 0x0000000722bc63f8| PB 0x0000000722a00000| Untracked 
|   3|0x0000000722c00000, 0x0000000722dfff20, 0x0000000722e00000| 99%| O|  |TAMS 0x0000000722dfff20| PB 0x0000000722c00000| Untracked 
|   4|0x0000000722e00000, 0x0000000723000000, 0x0000000723000000|100%| O|  |TAMS 0x0000000723000000| PB 0x0000000722e00000| Untracked 
|   5|0x0000000723000000, 0x0000000723200000, 0x0000000723200000|100%| O|  |TAMS 0x0000000723200000| PB 0x0000000723000000| Untracked 
|   6|0x0000000723200000, 0x000000072337b580, 0x0000000723400000| 74%| O|  |TAMS 0x000000072337b580| PB 0x0000000723200000| Untracked 
|   7|0x0000000723400000, 0x0000000723552218, 0x0000000723600000| 66%| O|  |TAMS 0x0000000723552218| PB 0x0000000723400000| Untracked 
|   8|0x0000000723600000, 0x000000072377bae8, 0x0000000723800000| 74%| O|  |TAMS 0x000000072377bae8| PB 0x0000000723600000| Untracked 
|   9|0x0000000723800000, 0x0000000723a00000, 0x0000000723a00000|100%|HS|  |TAMS 0x0000000723a00000| PB 0x0000000723800000| Untracked 
|  10|0x0000000723a00000, 0x0000000723bac9d0, 0x0000000723c00000| 83%| O|  |TAMS 0x0000000723bac9d0| PB 0x0000000723a00000| Untracked 
|  11|0x0000000723c00000, 0x0000000723dc6a88, 0x0000000723e00000| 88%| O|  |TAMS 0x0000000723dc6a88| PB 0x0000000723c00000| Untracked 
|  12|0x0000000723e00000, 0x0000000724000000, 0x0000000724000000|100%|HS|  |TAMS 0x0000000724000000| PB 0x0000000723e00000| Untracked 
|  13|0x0000000724000000, 0x000000072419cfb0, 0x0000000724200000| 80%| O|  |TAMS 0x000000072419cfb0| PB 0x0000000724000000| Untracked 
|  14|0x0000000724200000, 0x0000000724400000, 0x0000000724400000|100%| O|  |TAMS 0x0000000724400000| PB 0x0000000724200000| Untracked 
|  15|0x0000000724400000, 0x000000072459da08, 0x0000000724600000| 80%| O|  |TAMS 0x000000072459da08| PB 0x0000000724400000| Untracked 
|  16|0x0000000724600000, 0x000000072479fb60, 0x0000000724800000| 81%| O|  |TAMS 0x000000072479fb60| PB 0x0000000724600000| Untracked 
|  17|0x0000000724800000, 0x00000007249ffbe0, 0x0000000724a00000| 99%| O|  |TAMS 0x00000007249ffbe0| PB 0x0000000724800000| Untracked 
|  18|0x0000000724a00000, 0x0000000724bfe2d8, 0x0000000724c00000| 99%| O|  |TAMS 0x0000000724bfe2d8| PB 0x0000000724a00000| Untracked 
|  19|0x0000000724c00000, 0x0000000724e00000, 0x0000000724e00000|100%| O|  |TAMS 0x0000000724e00000| PB 0x0000000724c00000| Untracked 
|  20|0x0000000724e00000, 0x0000000724ff8e70, 0x0000000725000000| 98%| O|  |TAMS 0x0000000724ff8e70| PB 0x0000000724e00000| Untracked 
|  21|0x0000000725000000, 0x00000007251f2f98, 0x0000000725200000| 97%| O|  |TAMS 0x00000007251f2f98| PB 0x0000000725000000| Untracked 
|  22|0x0000000725200000, 0x0000000725399140, 0x0000000725400000| 79%| O|  |TAMS 0x0000000725399140| PB 0x0000000725200000| Untracked 
|  23|0x0000000725400000, 0x00000007255ffff8, 0x0000000725600000| 99%| O|  |TAMS 0x00000007255ffff8| PB 0x0000000725400000| Untracked 
|  24|0x0000000725600000, 0x00000007257b4ce0, 0x0000000725800000| 85%| O|  |TAMS 0x00000007257b4ce0| PB 0x0000000725600000| Untracked 
|  25|0x0000000725800000, 0x00000007259febb8, 0x0000000725a00000| 99%| O|  |TAMS 0x00000007259febb8| PB 0x0000000725800000| Untracked 
|  26|0x0000000725a00000, 0x0000000725bfa7f8, 0x0000000725c00000| 98%| O|  |TAMS 0x0000000725bfa7f8| PB 0x0000000725a00000| Untracked 
|  27|0x0000000725c00000, 0x0000000725dfe0f8, 0x0000000725e00000| 99%| O|  |TAMS 0x0000000725dfe0f8| PB 0x0000000725c00000| Untracked 
|  28|0x0000000725e00000, 0x0000000725fefd20, 0x0000000726000000| 96%| O|  |TAMS 0x0000000725fefd20| PB 0x0000000725e00000| Untracked 
|  29|0x0000000726000000, 0x0000000726200000, 0x0000000726200000|100%|HS|  |TAMS 0x0000000726200000| PB 0x0000000726000000| Untracked 
|  30|0x0000000726200000, 0x0000000726400000, 0x0000000726400000|100%|HS|  |TAMS 0x0000000726400000| PB 0x0000000726200000| Untracked 
|  31|0x0000000726400000, 0x00000007265ff260, 0x0000000726600000| 99%| O|  |TAMS 0x00000007265ff260| PB 0x0000000726400000| Untracked 
|  32|0x0000000726600000, 0x0000000726800000, 0x0000000726800000|100%|HS|  |TAMS 0x0000000726800000| PB 0x0000000726600000| Untracked 
|  33|0x0000000726800000, 0x0000000726a00000, 0x0000000726a00000|100%|HS|  |TAMS 0x0000000726a00000| PB 0x0000000726800000| Untracked 
|  34|0x0000000726a00000, 0x0000000726c00000, 0x0000000726c00000|100%|HS|  |TAMS 0x0000000726c00000| PB 0x0000000726a00000| Untracked 
|  35|0x0000000726c00000, 0x0000000726e00000, 0x0000000726e00000|100%|HC|  |TAMS 0x0000000726e00000| PB 0x0000000726c00000| Untracked 
|  36|0x0000000726e00000, 0x0000000727000000, 0x0000000727000000|100%|HC|  |TAMS 0x0000000727000000| PB 0x0000000726e00000| Untracked 
|  37|0x0000000727000000, 0x0000000727200000, 0x0000000727200000|100%|HC|  |TAMS 0x0000000727200000| PB 0x0000000727000000| Untracked 
|  38|0x0000000727200000, 0x0000000727400000, 0x0000000727400000|100%|HC|  |TAMS 0x0000000727400000| PB 0x0000000727200000| Untracked 
|  39|0x0000000727400000, 0x0000000727600000, 0x0000000727600000|100%|HC|  |TAMS 0x0000000727600000| PB 0x0000000727400000| Untracked 
|  40|0x0000000727600000, 0x0000000727800000, 0x0000000727800000|100%|HC|  |TAMS 0x0000000727800000| PB 0x0000000727600000| Untracked 
|  41|0x0000000727800000, 0x0000000727a00000, 0x0000000727a00000|100%|HC|  |TAMS 0x0000000727a00000| PB 0x0000000727800000| Untracked 
|  42|0x0000000727a00000, 0x0000000727c00000, 0x0000000727c00000|100%|HC|  |TAMS 0x0000000727c00000| PB 0x0000000727a00000| Untracked 
|  43|0x0000000727c00000, 0x0000000727e00000, 0x0000000727e00000|100%|HC|  |TAMS 0x0000000727e00000| PB 0x0000000727c00000| Untracked 
|  44|0x0000000727e00000, 0x0000000728000000, 0x0000000728000000|100%|HC|  |TAMS 0x0000000728000000| PB 0x0000000727e00000| Untracked 
|  45|0x0000000728000000, 0x0000000728200000, 0x0000000728200000|100%|HS|  |TAMS 0x0000000728200000| PB 0x0000000728000000| Untracked 
|  46|0x0000000728200000, 0x00000007283ffff0, 0x0000000728400000| 99%| O|  |TAMS 0x00000007283ffff0| PB 0x0000000728200000| Untracked 
|  47|0x0000000728400000, 0x00000007285fe0e0, 0x0000000728600000| 99%| O|  |TAMS 0x00000007285fe0e0| PB 0x0000000728400000| Untracked 
|  48|0x0000000728600000, 0x00000007287febf8, 0x0000000728800000| 99%| O|  |TAMS 0x00000007287febf8| PB 0x0000000728600000| Untracked 
|  49|0x0000000728800000, 0x00000007289fe258, 0x0000000728a00000| 99%| O|  |TAMS 0x00000007289fe258| PB 0x0000000728800000| Untracked 
|  50|0x0000000728a00000, 0x0000000728bfe4f8, 0x0000000728c00000| 99%| O|  |TAMS 0x0000000728bfe4f8| PB 0x0000000728a00000| Untracked 
|  51|0x0000000728c00000, 0x0000000728dfe780, 0x0000000728e00000| 99%| O|  |TAMS 0x0000000728dfe780| PB 0x0000000728c00000| Untracked 
|  52|0x0000000728e00000, 0x0000000728ffffe8, 0x0000000729000000| 99%| O|  |TAMS 0x0000000728ffffe8| PB 0x0000000728e00000| Untracked 
|  53|0x0000000729000000, 0x00000007291ff638, 0x0000000729200000| 99%| O|  |TAMS 0x00000007291ff638| PB 0x0000000729000000| Untracked 
|  54|0x0000000729200000, 0x00000007293fe7b8, 0x0000000729400000| 99%| O|  |TAMS 0x00000007293fe7b8| PB 0x0000000729200000| Untracked 
|  55|0x0000000729400000, 0x00000007295ff5b8, 0x0000000729600000| 99%| O|  |TAMS 0x00000007295ff5b8| PB 0x0000000729400000| Untracked 
|  56|0x0000000729600000, 0x00000007297feae8, 0x0000000729800000| 99%| O|  |TAMS 0x00000007297feae8| PB 0x0000000729600000| Untracked 
|  57|0x0000000729800000, 0x00000007299fe608, 0x0000000729a00000| 99%| O|  |TAMS 0x00000007299fe608| PB 0x0000000729800000| Untracked 
|  58|0x0000000729a00000, 0x0000000729bff380, 0x0000000729c00000| 99%| O|  |TAMS 0x0000000729bff380| PB 0x0000000729a00000| Untracked 
|  59|0x0000000729c00000, 0x0000000729e00000, 0x0000000729e00000|100%|HS|  |TAMS 0x0000000729e00000| PB 0x0000000729c00000| Untracked 
|  60|0x0000000729e00000, 0x000000072a000000, 0x000000072a000000|100%|HC|  |TAMS 0x000000072a000000| PB 0x0000000729e00000| Untracked 
|  61|0x000000072a000000, 0x000000072a200000, 0x000000072a200000|100%|HC|  |TAMS 0x000000072a200000| PB 0x000000072a000000| Untracked 
|  62|0x000000072a200000, 0x000000072a3ff128, 0x000000072a400000| 99%| O|  |TAMS 0x000000072a3ff128| PB 0x000000072a200000| Untracked 
|  63|0x000000072a400000, 0x000000072a400000, 0x000000072a600000|  0%| F|  |TAMS 0x000000072a400000| PB 0x000000072a400000| Untracked 
|  64|0x000000072a600000, 0x000000072a7fff70, 0x000000072a800000| 99%| O|  |TAMS 0x000000072a7fff70| PB 0x000000072a600000| Untracked 
|  65|0x000000072a800000, 0x000000072aa00000, 0x000000072aa00000|100%|HS|  |TAMS 0x000000072aa00000| PB 0x000000072a800000| Untracked 
|  66|0x000000072aa00000, 0x000000072ac00000, 0x000000072ac00000|100%| O|  |TAMS 0x000000072ac00000| PB 0x000000072aa00000| Untracked 
|  67|0x000000072ac00000, 0x000000072ac9e858, 0x000000072ae00000| 30%| O|  |TAMS 0x000000072ac9e858| PB 0x000000072ac00000| Untracked 
|  68|0x000000072ae00000, 0x000000072ae00000, 0x000000072b000000|  0%| F|  |TAMS 0x000000072ae00000| PB 0x000000072ae00000| Untracked 
|  69|0x000000072b000000, 0x000000072b1feb78, 0x000000072b200000| 99%| O|  |TAMS 0x000000072b1feb78| PB 0x000000072b000000| Untracked 
|  70|0x000000072b200000, 0x000000072b3fe548, 0x000000072b400000| 99%| O|  |TAMS 0x000000072b3fe548| PB 0x000000072b200000| Untracked 
|  71|0x000000072b400000, 0x000000072b600000, 0x000000072b600000|100%|HS|  |TAMS 0x000000072b600000| PB 0x000000072b400000| Untracked 
|  72|0x000000072b600000, 0x000000072b800000, 0x000000072b800000|100%|HS|  |TAMS 0x000000072b800000| PB 0x000000072b600000| Untracked 
|  73|0x000000072b800000, 0x000000072ba00000, 0x000000072ba00000|100%|HS|  |TAMS 0x000000072ba00000| PB 0x000000072b800000| Untracked 
|  74|0x000000072ba00000, 0x000000072bc00000, 0x000000072bc00000|100%|HS|  |TAMS 0x000000072bc00000| PB 0x000000072ba00000| Untracked 
|  75|0x000000072bc00000, 0x000000072be00000, 0x000000072be00000|100%|HS|  |TAMS 0x000000072be00000| PB 0x000000072bc00000| Untracked 
|  76|0x000000072be00000, 0x000000072be00000, 0x000000072c000000|  0%| F|  |TAMS 0x000000072be00000| PB 0x000000072be00000| Untracked 
|  77|0x000000072c000000, 0x000000072c200000, 0x000000072c200000|100%|HS|  |TAMS 0x000000072c200000| PB 0x000000072c000000| Untracked 
|  78|0x000000072c200000, 0x000000072c2809e8, 0x000000072c400000| 25%| O|  |TAMS 0x000000072c2809e8| PB 0x000000072c200000| Untracked 
|  79|0x000000072c400000, 0x000000072c584208, 0x000000072c600000| 75%| O|  |TAMS 0x000000072c584208| PB 0x000000072c400000| Untracked 
|  80|0x000000072c600000, 0x000000072c6064b0, 0x000000072c800000|  1%| O|  |TAMS 0x000000072c6064b0| PB 0x000000072c600000| Untracked 
|  81|0x000000072c800000, 0x000000072c800000, 0x000000072ca00000|  0%| F|  |TAMS 0x000000072c800000| PB 0x000000072c800000| Untracked 
|  82|0x000000072ca00000, 0x000000072cc00000, 0x000000072cc00000|100%|HS|  |TAMS 0x000000072cc00000| PB 0x000000072ca00000| Untracked 
|  83|0x000000072cc00000, 0x000000072cc00000, 0x000000072ce00000|  0%| F|  |TAMS 0x000000072cc00000| PB 0x000000072cc00000| Untracked 
|  84|0x000000072ce00000, 0x000000072ce00000, 0x000000072d000000|  0%| F|  |TAMS 0x000000072ce00000| PB 0x000000072ce00000| Untracked 
|  85|0x000000072d000000, 0x000000072d200000, 0x000000072d200000|100%|HS|  |TAMS 0x000000072d200000| PB 0x000000072d000000| Untracked 
|  86|0x000000072d200000, 0x000000072d400000, 0x000000072d400000|100%|HS|  |TAMS 0x000000072d400000| PB 0x000000072d200000| Untracked 
|  87|0x000000072d400000, 0x000000072d400000, 0x000000072d600000|  0%| F|  |TAMS 0x000000072d400000| PB 0x000000072d400000| Untracked 
|  88|0x000000072d600000, 0x000000072d800000, 0x000000072d800000|100%|HS|  |TAMS 0x000000072d800000| PB 0x000000072d600000| Untracked 
|  89|0x000000072d800000, 0x000000072d800000, 0x000000072da00000|  0%| F|  |TAMS 0x000000072d800000| PB 0x000000072d800000| Untracked 
|  90|0x000000072da00000, 0x000000072da00000, 0x000000072dc00000|  0%| F|  |TAMS 0x000000072da00000| PB 0x000000072da00000| Untracked 
|  91|0x000000072dc00000, 0x000000072dc00000, 0x000000072de00000|  0%| F|  |TAMS 0x000000072dc00000| PB 0x000000072dc00000| Untracked 
|  92|0x000000072de00000, 0x000000072de00000, 0x000000072e000000|  0%| F|  |TAMS 0x000000072de00000| PB 0x000000072de00000| Untracked 
|  93|0x000000072e000000, 0x000000072e000000, 0x000000072e200000|  0%| F|  |TAMS 0x000000072e000000| PB 0x000000072e000000| Untracked 
|  94|0x000000072e200000, 0x000000072e200000, 0x000000072e400000|  0%| F|  |TAMS 0x000000072e200000| PB 0x000000072e200000| Untracked 
|  95|0x000000072e400000, 0x000000072e400000, 0x000000072e600000|  0%| F|  |TAMS 0x000000072e400000| PB 0x000000072e400000| Untracked 
|  96|0x000000072e600000, 0x000000072e600000, 0x000000072e800000|  0%| F|  |TAMS 0x000000072e600000| PB 0x000000072e600000| Untracked 
|  97|0x000000072e800000, 0x000000072e800000, 0x000000072ea00000|  0%| F|  |TAMS 0x000000072e800000| PB 0x000000072e800000| Untracked 
|  98|0x000000072ea00000, 0x000000072ea00000, 0x000000072ec00000|  0%| F|  |TAMS 0x000000072ea00000| PB 0x000000072ea00000| Untracked 
|  99|0x000000072ec00000, 0x000000072ec00000, 0x000000072ee00000|  0%| F|  |TAMS 0x000000072ec00000| PB 0x000000072ec00000| Untracked 
| 100|0x000000072ee00000, 0x000000072ee00000, 0x000000072f000000|  0%| F|  |TAMS 0x000000072ee00000| PB 0x000000072ee00000| Untracked 
| 101|0x000000072f000000, 0x000000072f000000, 0x000000072f200000|  0%| F|  |TAMS 0x000000072f000000| PB 0x000000072f000000| Untracked 
| 102|0x000000072f200000, 0x000000072f200000, 0x000000072f400000|  0%| F|  |TAMS 0x000000072f200000| PB 0x000000072f200000| Untracked 
| 103|0x000000072f400000, 0x000000072f400000, 0x000000072f600000|  0%| F|  |TAMS 0x000000072f400000| PB 0x000000072f400000| Untracked 
| 104|0x000000072f600000, 0x000000072f600000, 0x000000072f800000|  0%| F|  |TAMS 0x000000072f600000| PB 0x000000072f600000| Untracked 
| 105|0x000000072f800000, 0x000000072f800000, 0x000000072fa00000|  0%| F|  |TAMS 0x000000072f800000| PB 0x000000072f800000| Untracked 
| 106|0x000000072fa00000, 0x000000072fa00000, 0x000000072fc00000|  0%| F|  |TAMS 0x000000072fa00000| PB 0x000000072fa00000| Untracked 
| 107|0x000000072fc00000, 0x000000072fc00000, 0x000000072fe00000|  0%| F|  |TAMS 0x000000072fc00000| PB 0x000000072fc00000| Untracked 
| 108|0x000000072fe00000, 0x000000072fe00000, 0x0000000730000000|  0%| F|  |TAMS 0x000000072fe00000| PB 0x000000072fe00000| Untracked 
| 109|0x0000000730000000, 0x0000000730000000, 0x0000000730200000|  0%| F|  |TAMS 0x0000000730000000| PB 0x0000000730000000| Untracked 
| 110|0x0000000730200000, 0x0000000730200000, 0x0000000730400000|  0%| F|  |TAMS 0x0000000730200000| PB 0x0000000730200000| Untracked 
| 111|0x0000000730400000, 0x0000000730400000, 0x0000000730600000|  0%| F|  |TAMS 0x0000000730400000| PB 0x0000000730400000| Untracked 
| 112|0x0000000730600000, 0x0000000730600000, 0x0000000730800000|  0%| F|  |TAMS 0x0000000730600000| PB 0x0000000730600000| Untracked 
| 113|0x0000000730800000, 0x0000000730800000, 0x0000000730a00000|  0%| F|  |TAMS 0x0000000730800000| PB 0x0000000730800000| Untracked 
| 114|0x0000000730a00000, 0x0000000730a00000, 0x0000000730c00000|  0%| F|  |TAMS 0x0000000730a00000| PB 0x0000000730a00000| Untracked 
| 115|0x0000000730c00000, 0x0000000730c00000, 0x0000000730e00000|  0%| F|  |TAMS 0x0000000730c00000| PB 0x0000000730c00000| Untracked 
| 116|0x0000000730e00000, 0x0000000730e00000, 0x0000000731000000|  0%| F|  |TAMS 0x0000000730e00000| PB 0x0000000730e00000| Untracked 
| 117|0x0000000731000000, 0x0000000731000000, 0x0000000731200000|  0%| F|  |TAMS 0x0000000731000000| PB 0x0000000731000000| Untracked 
| 118|0x0000000731200000, 0x0000000731200000, 0x0000000731400000|  0%| F|  |TAMS 0x0000000731200000| PB 0x0000000731200000| Untracked 
| 119|0x0000000731400000, 0x0000000731400000, 0x0000000731600000|  0%| F|  |TAMS 0x0000000731400000| PB 0x0000000731400000| Untracked 
| 120|0x0000000731600000, 0x0000000731600000, 0x0000000731800000|  0%| F|  |TAMS 0x0000000731600000| PB 0x0000000731600000| Untracked 
| 121|0x0000000731800000, 0x0000000731800000, 0x0000000731a00000|  0%| F|  |TAMS 0x0000000731800000| PB 0x0000000731800000| Untracked 
| 122|0x0000000731a00000, 0x0000000731a00000, 0x0000000731c00000|  0%| F|  |TAMS 0x0000000731a00000| PB 0x0000000731a00000| Untracked 
| 123|0x0000000731c00000, 0x0000000731c00000, 0x0000000731e00000|  0%| F|  |TAMS 0x0000000731c00000| PB 0x0000000731c00000| Untracked 
| 124|0x0000000731e00000, 0x0000000731e00000, 0x0000000732000000|  0%| F|  |TAMS 0x0000000731e00000| PB 0x0000000731e00000| Untracked 
| 125|0x0000000732000000, 0x0000000732000000, 0x0000000732200000|  0%| F|  |TAMS 0x0000000732000000| PB 0x0000000732000000| Untracked 
| 126|0x0000000732200000, 0x0000000732200000, 0x0000000732400000|  0%| F|  |TAMS 0x0000000732200000| PB 0x0000000732200000| Untracked 
| 127|0x0000000732400000, 0x0000000732400000, 0x0000000732600000|  0%| F|  |TAMS 0x0000000732400000| PB 0x0000000732400000| Untracked 
| 128|0x0000000732600000, 0x0000000732600000, 0x0000000732800000|  0%| F|  |TAMS 0x0000000732600000| PB 0x0000000732600000| Untracked 
| 129|0x0000000732800000, 0x0000000732800000, 0x0000000732a00000|  0%| F|  |TAMS 0x0000000732800000| PB 0x0000000732800000| Untracked 
| 130|0x0000000732a00000, 0x0000000732a00000, 0x0000000732c00000|  0%| F|  |TAMS 0x0000000732a00000| PB 0x0000000732a00000| Untracked 
| 131|0x0000000732c00000, 0x0000000732c00000, 0x0000000732e00000|  0%| F|  |TAMS 0x0000000732c00000| PB 0x0000000732c00000| Untracked 
| 132|0x0000000732e00000, 0x0000000732e00000, 0x0000000733000000|  0%| F|  |TAMS 0x0000000732e00000| PB 0x0000000732e00000| Untracked 
| 133|0x0000000733000000, 0x0000000733000000, 0x0000000733200000|  0%| F|  |TAMS 0x0000000733000000| PB 0x0000000733000000| Untracked 
| 134|0x0000000733200000, 0x0000000733200000, 0x0000000733400000|  0%| F|  |TAMS 0x0000000733200000| PB 0x0000000733200000| Untracked 
| 135|0x0000000733400000, 0x0000000733400000, 0x0000000733600000|  0%| F|  |TAMS 0x0000000733400000| PB 0x0000000733400000| Untracked 
| 136|0x0000000733600000, 0x0000000733600000, 0x0000000733800000|  0%| F|  |TAMS 0x0000000733600000| PB 0x0000000733600000| Untracked 
| 137|0x0000000733800000, 0x0000000733800000, 0x0000000733a00000|  0%| F|  |TAMS 0x0000000733800000| PB 0x0000000733800000| Untracked 
| 138|0x0000000733a00000, 0x0000000733a00000, 0x0000000733c00000|  0%| F|  |TAMS 0x0000000733a00000| PB 0x0000000733a00000| Untracked 
| 139|0x0000000733c00000, 0x0000000733c00000, 0x0000000733e00000|  0%| F|  |TAMS 0x0000000733c00000| PB 0x0000000733c00000| Untracked 
| 140|0x0000000733e00000, 0x0000000733e00000, 0x0000000734000000|  0%| F|  |TAMS 0x0000000733e00000| PB 0x0000000733e00000| Untracked 
| 141|0x0000000734000000, 0x0000000734000000, 0x0000000734200000|  0%| F|  |TAMS 0x0000000734000000| PB 0x0000000734000000| Untracked 
| 142|0x0000000734200000, 0x0000000734200000, 0x0000000734400000|  0%| F|  |TAMS 0x0000000734200000| PB 0x0000000734200000| Untracked 
| 143|0x0000000734400000, 0x0000000734400000, 0x0000000734600000|  0%| F|  |TAMS 0x0000000734400000| PB 0x0000000734400000| Untracked 
| 144|0x0000000734600000, 0x0000000734600000, 0x0000000734800000|  0%| F|  |TAMS 0x0000000734600000| PB 0x0000000734600000| Untracked 
| 145|0x0000000734800000, 0x0000000734800000, 0x0000000734a00000|  0%| F|  |TAMS 0x0000000734800000| PB 0x0000000734800000| Untracked 
| 146|0x0000000734a00000, 0x0000000734a00000, 0x0000000734c00000|  0%| F|  |TAMS 0x0000000734a00000| PB 0x0000000734a00000| Untracked 
|1761|0x00000007fe800000, 0x00000007fe800000, 0x00000007fea00000|  0%| F|  |TAMS 0x00000007fe800000| PB 0x00000007fe800000| Untracked 
|1762|0x00000007fea00000, 0x00000007fea00000, 0x00000007fec00000|  0%| F|  |TAMS 0x00000007fea00000| PB 0x00000007fea00000| Untracked 
|1763|0x00000007fec00000, 0x00000007fec00000, 0x00000007fee00000|  0%| F|  |TAMS 0x00000007fec00000| PB 0x00000007fec00000| Untracked 
|1764|0x00000007fee00000, 0x00000007fee00000, 0x00000007ff000000|  0%| F|  |TAMS 0x00000007fee00000| PB 0x00000007fee00000| Untracked 
|1765|0x00000007ff000000, 0x00000007ff000000, 0x00000007ff200000|  0%| F|  |TAMS 0x00000007ff000000| PB 0x00000007ff000000| Untracked 
|1766|0x00000007ff200000, 0x00000007ff3af870, 0x00000007ff400000| 84%| S|CS|TAMS 0x00000007ff200000| PB 0x00000007ff200000| Complete 
|1767|0x00000007ff400000, 0x00000007ff400000, 0x00000007ff600000|  0%| F|  |TAMS 0x00000007ff400000| PB 0x00000007ff400000| Untracked 
|1768|0x00000007ff600000, 0x00000007ff600000, 0x00000007ff800000|  0%| F|  |TAMS 0x00000007ff600000| PB 0x00000007ff600000| Untracked 
|1769|0x00000007ff800000, 0x00000007ffa00000, 0x00000007ffa00000|100%| O|  |TAMS 0x00000007ffa00000| PB 0x00000007ff800000| Untracked 
|1770|0x00000007ffa00000, 0x00000007ffc00000, 0x00000007ffc00000|100%| O|  |TAMS 0x00000007ffc00000| PB 0x00000007ffa00000| Untracked 
|1771|0x00000007ffc00000, 0x00000007ffc00000, 0x00000007ffe00000|  0%| F|  |TAMS 0x00000007ffc00000| PB 0x00000007ffc00000| Untracked 
|1772|0x00000007ffe00000, 0x00000007ffe00000, 0x0000000800000000|  0%| F|  |TAMS 0x00000007ffe00000| PB 0x00000007ffe00000| Untracked 

Card table byte_map: [0x000002297dd90000,0x000002297e480000] _byte_map_base: 0x000002297a47d000

Marking Bits: (CMBitMap*) 0x000002297d0f5560
 Bits: [0x0000022916ff0000, 0x000002291a758000)

Polling page: 0x000002297c850000

Metaspace:

Usage:
  Non-class:     30.53 MB used.
      Class:      4.51 MB used.
       Both:     35.04 MB used.

Virtual space:
  Non-class space:       64.00 MB reserved,      30.81 MB ( 48%) committed,  1 nodes.
      Class space:        1.00 GB reserved,       4.75 MB ( <1%) committed,  1 nodes.
             Both:        1.06 GB reserved,      35.56 MB (  3%) committed. 

Chunk freelists:
   Non-Class:  1.08 MB
       Class:  3.27 MB
        Both:  4.34 MB

MaxMetaspaceSize: unlimited
CompressedClassSpaceSize: 1.00 GB
Initial GC threshold: 21.00 MB
Current GC threshold: 59.31 MB
CDS: on
MetaspaceReclaimPolicy: balanced
 - commit_granule_bytes: 65536.
 - commit_granule_words: 8192.
 - virtual_space_node_default_size: 8388608.
 - enlarge_chunks_in_place: 1.
 - new_chunks_are_fully_committed: 0.
 - uncommit_free_chunks: 1.
 - use_allocation_guard: 0.


Internal statistics:

num_allocs_failed_limit: 3.
num_arena_births: 662.
num_arena_deaths: 0.
num_vsnodes_births: 2.
num_vsnodes_deaths: 0.
num_space_committed: 569.
num_space_uncommitted: 0.
num_chunks_returned_to_freelist: 3.
num_chunks_taken_from_freelist: 1824.
num_chunk_merges: 0.
num_chunk_splits: 1208.
num_chunks_enlarged: 810.
num_inconsistent_stats: 0.

CodeHeap 'non-profiled nmethods': size=120000Kb used=4094Kb max_used=5519Kb free=115905Kb
 bounds [0x000002290fac0000, 0x0000022910040000, 0x0000022916ff0000]
CodeHeap 'profiled nmethods': size=120000Kb used=11019Kb max_used=17558Kb free=108980Kb
 bounds [0x0000022907ff0000, 0x0000022909120000, 0x000002290f520000]
CodeHeap 'non-nmethods': size=5760Kb used=2215Kb max_used=2291Kb free=3544Kb
 bounds [0x000002290f520000, 0x000002290f790000, 0x000002290fac0000]
 total_blobs=6162 nmethods=5128 adapters=943
 compilation: enabled
              stopped_count=0, restarted_count=0
 full_count=0

Compilation events (20 events):
Event: 60.183 Thread 0x000002297f7ec600 9624       3       sun.nio.cs.SingleByte$Encoder::encodeArrayLoop (280 bytes)
Event: 60.185 Thread 0x000002297f7ec600 nmethod 9624 0x000002290823b910 code [0x000002290823bea0, 0x000002290823e7d0]
Event: 60.185 Thread 0x000002297f7ec600 9625   !   3       java.io.BufferedOutputStream::write (73 bytes)
Event: 60.186 Thread 0x000002297f7ec600 nmethod 9625 0x0000022908239c10 code [0x0000022908239ea0, 0x000002290823abf8]
Event: 60.186 Thread 0x000002297f7ec600 9626       3       java.io.BufferedOutputStream::implWrite (71 bytes)
Event: 60.209 Thread 0x000002297f7ec600 nmethod 9626 0x0000022908035510 code [0x0000022908035720, 0x0000022908035e20]
Event: 60.209 Thread 0x000002297f7ec600 9627       3       com.sun.prism.impl.Disposer::cleanUp (36 bytes)
Event: 60.231 Thread 0x000002297f7ec600 nmethod 9627 0x0000022908e4d090 code [0x0000022908e4d3e0, 0x0000022908e4e9b0]
Event: 60.254 Thread 0x000002297f7ec600 9628       3       java.lang.ModuleLayer::boot (4 bytes)
Event: 60.254 Thread 0x000002297f7ec600 nmethod 9628 0x00000229080c9b90 code [0x00000229080c9d20, 0x00000229080c9e20]
Event: 60.256 Thread 0x000002297f7ec600 9629       1       java.nio.charset.CharsetEncoder::maxBytesPerChar (5 bytes)
Event: 60.256 Thread 0x000002297f7ec600 nmethod 9629 0x000002290face490 code [0x000002290face600, 0x000002290face6c8]
Event: 60.256 Thread 0x000002297f7ec600 9630       3       java.io.Writer::write (11 bytes)
Event: 60.256 Thread 0x000002297f7ec600 nmethod 9630 0x0000022908092c90 code [0x0000022908092e40, 0x0000022908093140]
Event: 60.256 Thread 0x000002297f7ec600 9631   !   3       java.io.BufferedWriter::write (82 bytes)
Event: 60.257 Thread 0x000002297f7ec600 nmethod 9631 0x0000022908021a90 code [0x0000022908021d20, 0x0000022908022c68]
Event: 60.257 Thread 0x000002297f7ec600 9632       3       java.io.PrintStream::ensureOpen (18 bytes)
Event: 60.258 Thread 0x000002297f7ec600 nmethod 9632 0x0000022908065e10 code [0x0000022908065fc0, 0x00000229080661e8]
Event: 60.269 Thread 0x000002297f7ec600 9633       3       com.sun.javafx.webkit.prism.WCGraphicsPrismContext::rotate (57 bytes)
Event: 60.270 Thread 0x000002297f7ec600 nmethod 9633 0x000002290804a890 code [0x000002290804ab00, 0x000002290804b440]

GC Heap History (20 events):
Event: 58.275 GC heap after
{Heap after GC invocations=30 (full 0):
 garbage-first heap   total 301056K, used 162871K [0x0000000722600000, 0x0000000800000000)
  region size 2048K, 1 young (2048K), 1 survivors (2048K)
 Metaspace       used 35704K, committed 36224K, reserved 1114112K
  class space    used 4617K, committed 4864K, reserved 1048576K
}
Event: 59.733 GC heap before
{Heap before GC invocations=31 (full 0):
 garbage-first heap   total 301056K, used 293943K [0x0000000722600000, 0x0000000800000000)
  region size 2048K, 40 young (81920K), 1 survivors (2048K)
 Metaspace       used 35836K, committed 36352K, reserved 1114112K
  class space    used 4617K, committed 4864K, reserved 1048576K
}
Event: 59.737 GC heap after
{Heap after GC invocations=32 (full 0):
 garbage-first heap   total 311296K, used 197750K [0x0000000722600000, 0x0000000800000000)
  region size 2048K, 5 young (10240K), 5 survivors (10240K)
 Metaspace       used 35836K, committed 36352K, reserved 1114112K
  class space    used 4617K, committed 4864K, reserved 1048576K
}
Event: 59.845 GC heap before
{Heap before GC invocations=32 (full 0):
 garbage-first heap   total 311296K, used 203894K [0x0000000722600000, 0x0000000800000000)
  region size 2048K, 10 young (20480K), 5 survivors (10240K)
 Metaspace       used 35843K, committed 36352K, reserved 1114112K
  class space    used 4617K, committed 4864K, reserved 1048576K
}
Event: 59.885 GC heap after
{Heap after GC invocations=33 (full 1):
 garbage-first heap   total 325632K, used 179555K [0x0000000722600000, 0x0000000800000000)
  region size 2048K, 0 young (0K), 0 survivors (0K)
 Metaspace       used 35843K, committed 36352K, reserved 1114112K
  class space    used 4617K, committed 4864K, reserved 1048576K
}
Event: 59.891 GC heap before
{Heap before GC invocations=33 (full 1):
 garbage-first heap   total 325632K, used 183651K [0x0000000722600000, 0x0000000800000000)
  region size 2048K, 3 young (6144K), 0 survivors (0K)
 Metaspace       used 35848K, committed 36352K, reserved 1114112K
  class space    used 4617K, committed 4864K, reserved 1048576K
}
Event: 59.893 GC heap after
{Heap after GC invocations=34 (full 1):
 garbage-first heap   total 325632K, used 182764K [0x0000000722600000, 0x0000000800000000)
  region size 2048K, 2 young (4096K), 2 survivors (4096K)
 Metaspace       used 35848K, committed 36352K, reserved 1114112K
  class space    used 4617K, committed 4864K, reserved 1048576K
}
Event: 60.000 GC heap before
{Heap before GC invocations=35 (full 1):
 garbage-first heap   total 325632K, used 174572K [0x0000000722600000, 0x0000000800000000)
  region size 2048K, 8 young (16384K), 2 survivors (4096K)
 Metaspace       used 35852K, committed 36352K, reserved 1114112K
  class space    used 4617K, committed 4864K, reserved 1048576K
}
Event: 60.036 GC heap after
{Heap after GC invocations=36 (full 2):
 garbage-first heap   total 325632K, used 158477K [0x0000000722600000, 0x0000000800000000)
  region size 2048K, 0 young (0K), 0 survivors (0K)
 Metaspace       used 35852K, committed 36352K, reserved 1114112K
  class space    used 4617K, committed 4864K, reserved 1048576K
}
Event: 60.038 GC heap before
{Heap before GC invocations=36 (full 2):
 garbage-first heap   total 325632K, used 158477K [0x0000000722600000, 0x0000000800000000)
  region size 2048K, 1 young (2048K), 0 survivors (0K)
 Metaspace       used 35852K, committed 36352K, reserved 1114112K
  class space    used 4617K, committed 4864K, reserved 1048576K
}
Event: 60.061 GC heap after
{Heap after GC invocations=37 (full 3):
 garbage-first heap   total 325632K, used 158471K [0x0000000722600000, 0x0000000800000000)
  region size 2048K, 0 young (0K), 0 survivors (0K)
 Metaspace       used 35852K, committed 36352K, reserved 1114112K
  class space    used 4617K, committed 4864K, reserved 1048576K
}
Event: 60.100 GC heap before
{Heap before GC invocations=37 (full 3):
 garbage-first heap   total 325632K, used 162567K [0x0000000722600000, 0x0000000800000000)
  region size 2048K, 4 young (8192K), 0 survivors (0K)
 Metaspace       used 35868K, committed 36352K, reserved 1114112K
  class space    used 4619K, committed 4864K, reserved 1048576K
}
Event: 60.127 GC heap after
{Heap after GC invocations=38 (full 4):
 garbage-first heap   total 325632K, used 163526K [0x0000000722600000, 0x0000000800000000)
  region size 2048K, 0 young (0K), 0 survivors (0K)
 Metaspace       used 35868K, committed 36352K, reserved 1114112K
  class space    used 4619K, committed 4864K, reserved 1048576K
}
Event: 60.127 GC heap before
{Heap before GC invocations=38 (full 4):
 garbage-first heap   total 325632K, used 163526K [0x0000000722600000, 0x0000000800000000)
  region size 2048K, 1 young (2048K), 0 survivors (0K)
 Metaspace       used 35868K, committed 36352K, reserved 1114112K
  class space    used 4619K, committed 4864K, reserved 1048576K
}
Event: 60.150 GC heap after
{Heap after GC invocations=39 (full 5):
 garbage-first heap   total 325632K, used 163526K [0x0000000722600000, 0x0000000800000000)
  region size 2048K, 0 young (0K), 0 survivors (0K)
 Metaspace       used 35868K, committed 36352K, reserved 1114112K
  class space    used 4619K, committed 4864K, reserved 1048576K
}
Event: 60.186 GC heap before
{Heap before GC invocations=39 (full 5):
 garbage-first heap   total 325632K, used 165574K [0x0000000722600000, 0x0000000800000000)
  region size 2048K, 2 young (4096K), 0 survivors (0K)
 Metaspace       used 35878K, committed 36416K, reserved 1114112K
  class space    used 4619K, committed 4864K, reserved 1048576K
}
Event: 60.209 GC heap after
{Heap after GC invocations=40 (full 6):
 garbage-first heap   total 325632K, used 161862K [0x0000000722600000, 0x0000000800000000)
  region size 2048K, 0 young (0K), 0 survivors (0K)
 Metaspace       used 35878K, committed 36416K, reserved 1114112K
  class space    used 4619K, committed 4864K, reserved 1048576K
}
Event: 60.209 GC heap before
{Heap before GC invocations=40 (full 6):
 garbage-first heap   total 325632K, used 161862K [0x0000000722600000, 0x0000000800000000)
  region size 2048K, 1 young (2048K), 0 survivors (0K)
 Metaspace       used 35878K, committed 36416K, reserved 1114112K
  class space    used 4619K, committed 4864K, reserved 1048576K
}
Event: 60.230 GC heap after
{Heap after GC invocations=41 (full 7):
 garbage-first heap   total 325632K, used 161862K [0x0000000722600000, 0x0000000800000000)
  region size 2048K, 0 young (0K), 0 survivors (0K)
 Metaspace       used 35878K, committed 36416K, reserved 1114112K
  class space    used 4619K, committed 4864K, reserved 1048576K
}
Event: 60.276 GC heap before
{Heap before GC invocations=41 (full 7):
 garbage-first heap   total 325632K, used 168006K [0x0000000722600000, 0x0000000800000000)
  region size 2048K, 4 young (8192K), 0 survivors (0K)
 Metaspace       used 35884K, committed 36416K, reserved 1114112K
  class space    used 4619K, committed 4864K, reserved 1048576K
}

Dll operation events (20 events):
Event: 0.339 Loaded shared library D:\EDM115\Programmes\Java\javafx-sdk-20.0.1\bin\api-ms-win-crt-process-l1-1-0.dll
Event: 0.340 Loaded shared library D:\EDM115\Programmes\Java\javafx-sdk-20.0.1\bin\api-ms-win-crt-runtime-l1-1-0.dll
Event: 0.341 Loaded shared library D:\EDM115\Programmes\Java\javafx-sdk-20.0.1\bin\api-ms-win-crt-stdio-l1-1-0.dll
Event: 0.342 Loaded shared library D:\EDM115\Programmes\Java\javafx-sdk-20.0.1\bin\api-ms-win-crt-string-l1-1-0.dll
Event: 0.342 Loaded shared library D:\EDM115\Programmes\Java\javafx-sdk-20.0.1\bin\api-ms-win-crt-time-l1-1-0.dll
Event: 0.343 Loaded shared library D:\EDM115\Programmes\Java\javafx-sdk-20.0.1\bin\api-ms-win-crt-utility-l1-1-0.dll
Event: 0.344 Loaded shared library D:\EDM115\Programmes\Java\javafx-sdk-20.0.1\bin\ucrtbase.dll
Event: 0.345 Loaded shared library D:\EDM115\Programmes\Java\javafx-sdk-20.0.1\bin\vcruntime140.dll
Event: 0.346 Loaded shared library D:\EDM115\Programmes\Java\javafx-sdk-20.0.1\bin\vcruntime140_1.dll
Event: 0.347 Loaded shared library D:\EDM115\Programmes\Java\javafx-sdk-20.0.1\bin\msvcp140.dll
Event: 0.348 Loaded shared library D:\EDM115\Programmes\Java\javafx-sdk-20.0.1\bin\msvcp140_1.dll
Event: 0.349 Loaded shared library D:\EDM115\Programmes\Java\javafx-sdk-20.0.1\bin\msvcp140_2.dll
Event: 0.381 Loaded shared library D:\EDM115\Programmes\Java\javafx-sdk-20.0.1\bin\prism_d3d.dll
Event: 0.415 Loaded shared library D:\EDM115\Programmes\Java\javafx-sdk-20.0.1\bin\glass.dll
Event: 0.579 Loaded shared library D:\EDM115\Programmes\Java\javafx-sdk-20.0.1\bin\javafx_font.dll
Event: 0.685 Loaded shared library D:\EDM115\Programmes\Java\jdk-20\bin\jimage.dll
Event: 3.075 Loaded shared library D:\EDM115\Programmes\Java\jdk-20\bin\extnet.dll
Event: 3.152 Loaded shared library D:\EDM115\Programmes\Java\jdk-20\bin\sunmscapi.dll
Event: 8.746 Loaded shared library D:\EDM115\Programmes\Java\javafx-sdk-20.0.1\bin\jfxwebkit.dll
Event: 16.787 Loaded shared library D:\EDM115\Programmes\Java\javafx-sdk-20.0.1\bin\javafx_iio.dll

Deoptimization events (20 events):
Event: 60.153 Thread 0x0000022920b7b0d0 DEOPT PACKING pc=0x00000229080d79b4 sp=0x000000f7f3ffeb90
Event: 60.153 Thread 0x0000022920b7b0d0 DEOPT UNPACKING pc=0x000002290f58a4c2 sp=0x000000f7f3ffe0b0 mode 1
Event: 60.153 Thread 0x0000022920b7b0d0 DEOPT PACKING pc=0x000002290874cdb4 sp=0x000000f7f3ffec60
Event: 60.153 Thread 0x0000022920b7b0d0 DEOPT UNPACKING pc=0x000002290f58a4c2 sp=0x000000f7f3ffe110 mode 1
Event: 60.153 Thread 0x0000022977d9f6b0 DEOPT PACKING pc=0x00000229080d79b4 sp=0x000000f7ee3fe810
Event: 60.153 Thread 0x0000022977d9f6b0 DEOPT UNPACKING pc=0x000002290f58a4c2 sp=0x000000f7ee3fdd30 mode 1
Event: 60.153 Thread 0x0000022977d9f6b0 DEOPT PACKING pc=0x000002290874cdb4 sp=0x000000f7ee3fe8e0
Event: 60.153 Thread 0x0000022977d9f6b0 DEOPT UNPACKING pc=0x000002290f58a4c2 sp=0x000000f7ee3fdd90 mode 1
Event: 60.171 Thread 0x00000229210608d0 DEOPT PACKING pc=0x000002290804eb0e sp=0x000000f7efdfbe60
Event: 60.171 Thread 0x00000229210608d0 DEOPT UNPACKING pc=0x000002290f58a4c2 sp=0x000000f7efdfb3e8 mode 1
Event: 60.171 Thread 0x00000229210608d0 DEOPT PACKING pc=0x0000022908472e84 sp=0x000000f7efdfbfc0
Event: 60.171 Thread 0x00000229210608d0 DEOPT UNPACKING pc=0x000002290f58a4c2 sp=0x000000f7efdfb4a8 mode 1
Event: 60.171 Thread 0x00000229210608d0 DEOPT PACKING pc=0x00000229090c3b14 sp=0x000000f7efdfc110
Event: 60.171 Thread 0x00000229210608d0 DEOPT UNPACKING pc=0x000002290f58a4c2 sp=0x000000f7efdfbb80 mode 1
Event: 60.253 Thread 0x00000229210608d0 DEOPT PACKING pc=0x000002290804eb0e sp=0x000000f7efdfbe60
Event: 60.253 Thread 0x00000229210608d0 DEOPT UNPACKING pc=0x000002290f58a4c2 sp=0x000000f7efdfb3e8 mode 1
Event: 60.253 Thread 0x00000229210608d0 DEOPT PACKING pc=0x0000022908472e84 sp=0x000000f7efdfbfc0
Event: 60.253 Thread 0x00000229210608d0 DEOPT UNPACKING pc=0x000002290f58a4c2 sp=0x000000f7efdfb4a8 mode 1
Event: 60.253 Thread 0x00000229210608d0 DEOPT PACKING pc=0x00000229090c3b14 sp=0x000000f7efdfc110
Event: 60.253 Thread 0x00000229210608d0 DEOPT UNPACKING pc=0x000002290f58a4c2 sp=0x000000f7efdfbb80 mode 1

Classes loaded (20 events):
Event: 12.090 Loading class jdk/internal/icu/text/BidiBase$IsoRun
Event: 12.090 Loading class jdk/internal/icu/text/BidiBase$IsoRun done
Event: 12.090 Loading class jdk/internal/icu/text/BidiBase$LevState
Event: 12.090 Loading class jdk/internal/icu/text/BidiBase$LevState done
Event: 12.090 Loading class java/util/DualPivotQuicksort
Event: 12.090 Loading class java/util/DualPivotQuicksort done
Event: 54.908 Loading class sun/security/ssl/PreSharedKeyExtension$PskIdentity
Event: 54.909 Loading class sun/security/ssl/PreSharedKeyExtension$PskIdentity done
Event: 54.909 Loading class sun/security/ssl/PreSharedKeyExtension$CHPreSharedKeySpec
Event: 54.909 Loading class sun/security/ssl/PreSharedKeyExtension$CHPreSharedKeySpec done
Event: 54.909 Loading class sun/security/ssl/PreSharedKeyExtension$PartialClientHelloMessage
Event: 54.909 Loading class sun/security/ssl/PreSharedKeyExtension$PartialClientHelloMessage done
Event: 54.969 Loading class sun/security/ssl/PreSharedKeyExtension$SHPreSharedKeySpec
Event: 54.969 Loading class sun/security/ssl/PreSharedKeyExtension$SHPreSharedKeySpec done
Event: 60.061 Loading class jdk/internal/event/ThreadSleepEvent
Event: 60.061 Loading class jdk/internal/event/ThreadSleepEvent done
Event: 60.084 Loading class java/lang/Throwable$WrappedPrintStream
Event: 60.084 Loading class java/lang/Throwable$PrintStreamOrWriter
Event: 60.084 Loading class java/lang/Throwable$PrintStreamOrWriter done
Event: 60.084 Loading class java/lang/Throwable$WrappedPrintStream done

Classes unloaded (0 events):
No events

Classes redefined (0 events):
No events

Internal exceptions (20 events):
Event: 57.602 Thread 0x0000022920b7ab80 Exception <a 'java/lang/NullPointerException'{0x00000007321b9ad8}> (0x00000007321b9ad8) 
thrown [s\open\src\hotspot\share\runtime\sharedRuntime.cpp, line 709]
Event: 57.602 Thread 0x0000022920b7a0e0 Exception <a 'java/lang/NullPointerException'{0x00000007321e5fd8}> (0x00000007321e5fd8) 
thrown [s\open\src\hotspot\share\runtime\sharedRuntime.cpp, line 709]
Event: 57.608 Thread 0x0000022920b79b90 Implicit null exception at 0x0000022908dd7177 to 0x0000022908dd7dc4
Event: 57.608 Thread 0x0000022920b7ab80 Implicit null exception at 0x0000022908dd7177 to 0x0000022908dd7dc4
Event: 57.608 Thread 0x0000022920b79b90 Exception <a 'java/lang/NullPointerException'{0x0000000731e9c368}> (0x0000000731e9c368) 
thrown [s\open\src\hotspot\share\runtime\sharedRuntime.cpp, line 709]
Event: 57.608 Thread 0x0000022920b7ab80 Exception <a 'java/lang/NullPointerException'{0x0000000731e85960}> (0x0000000731e85960) 
thrown [s\open\src\hotspot\share\runtime\sharedRuntime.cpp, line 709]
Event: 57.618 Thread 0x0000022920b77bb0 Implicit null exception at 0x0000022908dd7177 to 0x0000022908dd7dc4
Event: 57.618 Thread 0x0000022920b7ab80 Implicit null exception at 0x0000022908dd7177 to 0x0000022908dd7dc4
Event: 57.618 Thread 0x0000022920b79b90 Implicit null exception at 0x0000022908dd7177 to 0x0000022908dd7dc4
Event: 57.618 Thread 0x0000022920b79b90 Exception <a 'java/lang/NullPointerException'{0x0000000731fba4d8}> (0x0000000731fba4d8) 
thrown [s\open\src\hotspot\share\runtime\sharedRuntime.cpp, line 709]
Event: 57.618 Thread 0x0000022920b77bb0 Exception <a 'java/lang/NullPointerException'{0x0000000731f92518}> (0x0000000731f92518) 
thrown [s\open\src\hotspot\share\runtime\sharedRuntime.cpp, line 709]
Event: 57.618 Thread 0x0000022920b7ab80 Exception <a 'java/lang/NullPointerException'{0x0000000731fac728}> (0x0000000731fac728) 
thrown [s\open\src\hotspot\share\runtime\sharedRuntime.cpp, line 709]
Event: 58.398 Thread 0x00000229210608d0 Implicit null exception at 0x000002290fcd6bcd to 0x000002290fcd6c64
Event: 59.891 Thread 0x00000229210608d0 Implicit null exception at 0x000002290ffcd90e to 0x000002290ffce8a4
Event: 60.083 Thread 0x00000229210608d0 Implicit null exception at 0x000002290804de5c to 0x000002290804eb09
Event: 60.083 Thread 0x00000229210608d0 Exception <a 'java/lang/NullPointerException'{0x00000007ffe0bfe0}> (0x00000007ffe0bfe0) 
thrown [s\open\src\hotspot\share\runtime\sharedRuntime.cpp, line 709]
Event: 60.170 Thread 0x00000229210608d0 Implicit null exception at 0x000002290804de5c to 0x000002290804eb09
Event: 60.171 Thread 0x00000229210608d0 Exception <a 'java/lang/NullPointerException'{0x00000007ffcf3de0}> (0x00000007ffcf3de0) 
thrown [s\open\src\hotspot\share\runtime\sharedRuntime.cpp, line 709]
Event: 60.253 Thread 0x00000229210608d0 Implicit null exception at 0x000002290804de5c to 0x000002290804eb09
Event: 60.253 Thread 0x00000229210608d0 Exception <a 'java/lang/NullPointerException'{0x00000007ffc30010}> (0x00000007ffc30010) 
thrown [s\open\src\hotspot\share\runtime\sharedRuntime.cpp, line 709]

VM Operations (20 events):
Event: 59.891 Executing VM operation: G1TryInitiateConcMark done
Event: 59.891 Executing VM operation: G1TryInitiateConcMark
Event: 59.893 Executing VM operation: G1TryInitiateConcMark done
Event: 59.907 Executing VM operation: G1PauseRemark
Event: 59.911 Executing VM operation: G1PauseRemark done
Event: 59.917 Executing VM operation: G1PauseCleanup
Event: 59.917 Executing VM operation: G1PauseCleanup done
Event: 60.000 Executing VM operation: G1CollectFull
Event: 60.036 Executing VM operation: G1CollectFull done
Event: 60.037 Executing VM operation: G1CollectFull
Event: 60.061 Executing VM operation: G1CollectFull done
Event: 60.100 Executing VM operation: G1CollectFull
Event: 60.127 Executing VM operation: G1CollectFull done
Event: 60.127 Executing VM operation: G1CollectFull
Event: 60.150 Executing VM operation: G1CollectFull done
Event: 60.186 Executing VM operation: G1CollectFull
Event: 60.209 Executing VM operation: G1CollectFull done
Event: 60.209 Executing VM operation: G1CollectFull
Event: 60.230 Executing VM operation: G1CollectFull done
Event: 60.276 Executing VM operation: G1TryInitiateConcMark

Events (20 events):
Event: 60.217 Thread 0x000002297f7b4010 flushing nmethod 0x000002290fb61410
Event: 60.217 Thread 0x000002297f7b4010 flushing nmethod 0x000002290fb34310
Event: 60.217 Thread 0x000002297f7b4010 flushing nmethod 0x000002290fadb910
Event: 60.244 Thread 0x0000022971754950 Thread added: 0x0000022971754950
Event: 60.249 Thread 0x000002298be5c700 Thread added: 0x000002298be5c700
Event: 60.255 Thread 0x000002298be62bf0 Thread added: 0x000002298be62bf0
Event: 60.259 Thread 0x00000229809c02c0 Thread added: 0x00000229809c02c0
Event: 60.264 Thread 0x0000022977d9fc00 Thread added: 0x0000022977d9fc00
Event: 60.268 Thread 0x0000022977da5100 Thread added: 0x0000022977da5100
Event: 60.269 Thread 0x0000022975d5c400 Thread exited: 0x0000022975d5c400
Event: 60.271 Thread 0x0000022971753eb0 Thread added: 0x0000022971753eb0
Event: 60.274 Thread 0x0000022971755940 Thread added: 0x0000022971755940
Event: 60.275 Thread 0x000002298cb515b0 Thread exited: 0x000002298cb515b0
Event: 60.275 Thread 0x0000022971754950 Thread exited: 0x0000022971754950
Event: 60.275 Thread 0x000002298be5c700 Thread exited: 0x000002298be5c700
Event: 60.275 Thread 0x00000229809c02c0 Thread exited: 0x00000229809c02c0
Event: 60.275 Thread 0x000002298be62bf0 Thread exited: 0x000002298be62bf0
Event: 60.276 Thread 0x0000022971753eb0 Thread exited: 0x0000022971753eb0
Event: 60.276 Thread 0x0000022977d9fc00 Thread exited: 0x0000022977d9fc00
Event: 60.276 Thread 0x0000022977da5100 Thread exited: 0x0000022977da5100


Dynamic libraries:
0x00007ff7c26d0000 - 0x00007ff7c26e0000 	D:\EDM115\Programmes\Java\jdk-20\bin\java.exe
0x00007ffb1eb70000 - 0x00007ffb1ed84000 	C:\WINDOWS\SYSTEM32\ntdll.dll
0x00007ffb1d4b0000 - 0x00007ffb1d572000 	C:\WINDOWS\System32\KERNEL32.DLL
0x00007ffb1c040000 - 0x00007ffb1c3e3000 	C:\WINDOWS\System32\KERNELBASE.dll
0x00007ffb1c5a0000 - 0x00007ffb1c6b1000 	C:\WINDOWS\System32\ucrtbase.dll
0x00007ffb0b570000 - 0x00007ffb0b589000 	D:\EDM115\Programmes\Java\jdk-20\bin\jli.dll
0x00007ffaec800000 - 0x00007ffaec81b000 	D:\EDM115\Programmes\Java\jdk-20\bin\VCRUNTIME140.dll
0x00007ffb1d400000 - 0x00007ffb1d4ae000 	C:\WINDOWS\System32\ADVAPI32.dll
0x00007ffb1c9d0000 - 0x00007ffb1ca77000 	C:\WINDOWS\System32\msvcrt.dll
0x00007ffb1d350000 - 0x00007ffb1d3f4000 	C:\WINDOWS\System32\sechost.dll
0x00007ffb1ce20000 - 0x00007ffb1cf37000 	C:\WINDOWS\System32\RPCRT4.dll
0x00007ffb1cab0000 - 0x00007ffb1cc5b000 	C:\WINDOWS\System32\USER32.dll
0x00007ffb1c010000 - 0x00007ffb1c036000 	C:\WINDOWS\System32\win32u.dll
0x00007ffb1d2a0000 - 0x00007ffb1d2c9000 	C:\WINDOWS\System32\GDI32.dll
0x00007ffb0cea0000 - 0x00007ffb0d12e000 	C:\WINDOWS\WinSxS\amd64_microsoft.windows.common-controls_6595b64144ccf1df_6.0.22621.1635_none_270f70857386168e\COMCTL32.dll
0x00007ffb1c830000 - 0x00007ffb1c949000 	C:\WINDOWS\System32\gdi32full.dll
0x00007ffb1bf70000 - 0x00007ffb1c00a000 	C:\WINDOWS\System32\msvcp_win.dll
0x00007ffb13f70000 - 0x00007ffb13f7a000 	C:\WINDOWS\SYSTEM32\VERSION.dll
0x00007ffb1d030000 - 0x00007ffb1d061000 	C:\WINDOWS\System32\IMM32.DLL
0x00007ffb081f0000 - 0x00007ffb081fc000 	D:\EDM115\Programmes\Java\jdk-20\bin\vcruntime140_1.dll
0x00007ffad3350000 - 0x00007ffad33de000 	D:\EDM115\Programmes\Java\jdk-20\bin\msvcp140.dll
0x00007ffac1e50000 - 0x00007ffac2ae7000 	D:\EDM115\Programmes\Java\jdk-20\bin\server\jvm.dll
0x00007ffb163e0000 - 0x00007ffb16414000 	C:\WINDOWS\SYSTEM32\WINMM.dll
0x00007ffb11560000 - 0x00007ffb11569000 	C:\WINDOWS\SYSTEM32\WSOCK32.dll
0x00007ffb1d2d0000 - 0x00007ffb1d341000 	C:\WINDOWS\System32\WS2_32.dll
0x00007ffb1afa0000 - 0x00007ffb1afb8000 	C:\WINDOWS\SYSTEM32\kernel.appcore.dll
0x00007ffb07fb0000 - 0x00007ffb07fba000 	D:\EDM115\Programmes\Java\jdk-20\bin\jimage.dll
0x00007ffb19a20000 - 0x00007ffb19c4e000 	C:\WINDOWS\SYSTEM32\DBGHELP.DLL
0x00007ffb1d580000 - 0x00007ffb1d909000 	C:\WINDOWS\System32\combase.dll
0x00007ffb1e970000 - 0x00007ffb1ea47000 	C:\WINDOWS\System32\OLEAUT32.dll
0x00007ffb146e0000 - 0x00007ffb14712000 	C:\WINDOWS\SYSTEM32\dbgcore.DLL
0x00007ffb1c460000 - 0x00007ffb1c4db000 	C:\WINDOWS\System32\bcryptPrimitives.dll
0x00007ffad5930000 - 0x00007ffad596c000 	D:\EDM115\Programmes\Java\jdk-20\bin\jdwp.dll
0x00007ffadbac0000 - 0x00007ffadbae6000 	D:\EDM115\Programmes\Java\jdk-20\bin\java.dll
0x00007ffad3270000 - 0x00007ffad3347000 	D:\EDM115\Programmes\Java\jdk-20\bin\jsvml.dll
0x00007ffb1e150000 - 0x00007ffb1e94a000 	C:\WINDOWS\System32\SHELL32.dll
0x00007ffb19f20000 - 0x00007ffb1a7ee000 	C:\WINDOWS\SYSTEM32\windows.storage.dll
0x00007ffb19de0000 - 0x00007ffb19f1e000 	C:\WINDOWS\SYSTEM32\wintypes.dll
0x00007ffb1d070000 - 0x00007ffb1d161000 	C:\WINDOWS\System32\SHCORE.dll
0x00007ffb1ea50000 - 0x00007ffb1eaae000 	C:\WINDOWS\System32\shlwapi.dll
0x00007ffb1bea0000 - 0x00007ffb1bec1000 	C:\WINDOWS\SYSTEM32\profapi.dll
0x00007ffae9d00000 - 0x00007ffae9d13000 	D:\EDM115\Programmes\Java\jdk-20\bin\net.dll
0x00007ffb15360000 - 0x00007ffb15497000 	C:\WINDOWS\SYSTEM32\WINHTTP.dll
0x00007ffb1b430000 - 0x00007ffb1b499000 	C:\WINDOWS\system32\mswsock.dll
0x00007ffae80b0000 - 0x00007ffae80c6000 	D:\EDM115\Programmes\Java\jdk-20\bin\nio.dll
0x00007ffae6f10000 - 0x00007ffae6f28000 	D:\EDM115\Programmes\Java\jdk-20\bin\zip.dll
0x00007ffb077c0000 - 0x00007ffb077cc000 	D:\EDM115\Programmes\Java\jdk-20\bin\dt_socket.dll
0x00007ffb1aa50000 - 0x00007ffb1aa7d000 	C:\WINDOWS\SYSTEM32\IPHLPAPI.DLL
0x00007ffb1aac0000 - 0x00007ffb1abb3000 	C:\WINDOWS\SYSTEM32\DNSAPI.dll
0x00007ffb1db10000 - 0x00007ffb1db19000 	C:\WINDOWS\System32\NSI.dll
0x0000000073d50000 - 0x0000000073d76000 	C:\Program Files\Bonjour\mdnsNSP.dll
0x00007ffb11e60000 - 0x00007ffb11e6a000 	C:\Windows\System32\rasadhlp.dll
0x00007ffb14180000 - 0x00007ffb14204000 	C:\WINDOWS\System32\fwpuclnt.dll
0x000002291c7f0000 - 0x000002291c7f3000 	D:\EDM115\Programmes\Java\javafx-sdk-20.0.1\bin\api-ms-win-core-console-l1-1-0.dll
0x0000022921530000 - 0x0000022921533000 	D:\EDM115\Programmes\Java\javafx-sdk-20.0.1\bin\api-ms-win-core-console-l1-2-0.dll
0x0000022921540000 - 0x0000022921543000 	D:\EDM115\Programmes\Java\javafx-sdk-20.0.1\bin\api-ms-win-core-datetime-l1-1-0.dll
0x0000022921550000 - 0x0000022921553000 	D:\EDM115\Programmes\Java\javafx-sdk-20.0.1\bin\api-ms-win-core-debug-l1-1-0.dll
0x0000022921560000 - 0x0000022921563000 	D:\EDM115\Programmes\Java\javafx-sdk-20.0.1\bin\api-ms-win-core-errorhandling-l1-1-0.dll
0x0000022921570000 - 0x0000022921574000 	D:\EDM115\Programmes\Java\javafx-sdk-20.0.1\bin\api-ms-win-core-file-l1-1-0.dll
0x0000022921580000 - 0x0000022921583000 	D:\EDM115\Programmes\Java\javafx-sdk-20.0.1\bin\api-ms-win-core-file-l1-2-0.dll
0x0000022921590000 - 0x0000022921593000 	D:\EDM115\Programmes\Java\javafx-sdk-20.0.1\bin\api-ms-win-core-file-l2-1-0.dll
0x00000229215a0000 - 0x00000229215a3000 	D:\EDM115\Programmes\Java\javafx-sdk-20.0.1\bin\api-ms-win-core-handle-l1-1-0.dll
0x00000229215b0000 - 0x00000229215b3000 	D:\EDM115\Programmes\Java\javafx-sdk-20.0.1\bin\api-ms-win-core-heap-l1-1-0.dll
0x00000229215c0000 - 0x00000229215c3000 	D:\EDM115\Programmes\Java\javafx-sdk-20.0.1\bin\api-ms-win-core-interlocked-l1-1-0.dll
0x00000229215d0000 - 0x00000229215d3000 	D:\EDM115\Programmes\Java\javafx-sdk-20.0.1\bin\api-ms-win-core-libraryloader-l1-1-0.dll
0x00000229215e0000 - 0x00000229215e3000 	D:\EDM115\Programmes\Java\javafx-sdk-20.0.1\bin\api-ms-win-core-localization-l1-2-0.dll
0x00000229215f0000 - 0x00000229215f3000 	D:\EDM115\Programmes\Java\javafx-sdk-20.0.1\bin\api-ms-win-core-memory-l1-1-0.dll
0x0000022921600000 - 0x0000022921603000 	D:\EDM115\Programmes\Java\javafx-sdk-20.0.1\bin\api-ms-win-core-namedpipe-l1-1-0.dll
0x0000022921610000 - 0x0000022921613000 	D:\EDM115\Programmes\Java\javafx-sdk-20.0.1\bin\api-ms-win-core-processenvironment-l1-1-0.dll
0x0000022921620000 - 0x0000022921623000 	D:\EDM115\Programmes\Java\javafx-sdk-20.0.1\bin\api-ms-win-core-processthreads-l1-1-0.dll
0x0000022921630000 - 0x0000022921633000 	D:\EDM115\Programmes\Java\javafx-sdk-20.0.1\bin\api-ms-win-core-processthreads-l1-1-1.dll
0x0000022921640000 - 0x0000022921643000 	D:\EDM115\Programmes\Java\javafx-sdk-20.0.1\bin\api-ms-win-core-profile-l1-1-0.dll
0x00000229219a0000 - 0x00000229219a3000 	D:\EDM115\Programmes\Java\javafx-sdk-20.0.1\bin\api-ms-win-core-rtlsupport-l1-1-0.dll
0x00000229219b0000 - 0x00000229219b3000 	D:\EDM115\Programmes\Java\javafx-sdk-20.0.1\bin\api-ms-win-core-string-l1-1-0.dll
0x00000229219c0000 - 0x00000229219c3000 	D:\EDM115\Programmes\Java\javafx-sdk-20.0.1\bin\api-ms-win-core-synch-l1-1-0.dll
0x00000229219d0000 - 0x00000229219d3000 	D:\EDM115\Programmes\Java\javafx-sdk-20.0.1\bin\api-ms-win-core-synch-l1-2-0.dll
0x00000229219e0000 - 0x00000229219e3000 	D:\EDM115\Programmes\Java\javafx-sdk-20.0.1\bin\api-ms-win-core-sysinfo-l1-1-0.dll
0x00000229219f0000 - 0x00000229219f3000 	D:\EDM115\Programmes\Java\javafx-sdk-20.0.1\bin\api-ms-win-core-timezone-l1-1-0.dll
0x0000022921a00000 - 0x0000022921a03000 	D:\EDM115\Programmes\Java\javafx-sdk-20.0.1\bin\api-ms-win-core-util-l1-1-0.dll
0x0000022921a10000 - 0x0000022921a13000 	D:\EDM115\Programmes\Java\javafx-sdk-20.0.1\bin\api-ms-win-crt-conio-l1-1-0.dll
0x0000022921a20000 - 0x0000022921a24000 	D:\EDM115\Programmes\Java\javafx-sdk-20.0.1\bin\api-ms-win-crt-convert-l1-1-0.dll
0x0000022921a30000 - 0x0000022921a33000 	D:\EDM115\Programmes\Java\javafx-sdk-20.0.1\bin\api-ms-win-crt-environment-l1-1-0.dll
0x0000022921a40000 - 0x0000022921a43000 	D:\EDM115\Programmes\Java\javafx-sdk-20.0.1\bin\api-ms-win-crt-filesystem-l1-1-0.dll
0x0000022921a50000 - 0x0000022921a53000 	D:\EDM115\Programmes\Java\javafx-sdk-20.0.1\bin\api-ms-win-crt-heap-l1-1-0.dll
0x0000022921a60000 - 0x0000022921a63000 	D:\EDM115\Programmes\Java\javafx-sdk-20.0.1\bin\api-ms-win-crt-locale-l1-1-0.dll
0x0000022921a70000 - 0x0000022921a75000 	D:\EDM115\Programmes\Java\javafx-sdk-20.0.1\bin\api-ms-win-crt-math-l1-1-0.dll
0x0000022921a80000 - 0x0000022921a85000 	D:\EDM115\Programmes\Java\javafx-sdk-20.0.1\bin\api-ms-win-crt-multibyte-l1-1-0.dll
0x0000022921a90000 - 0x0000022921aa0000 	D:\EDM115\Programmes\Java\javafx-sdk-20.0.1\bin\api-ms-win-crt-private-l1-1-0.dll
0x0000022921aa0000 - 0x0000022921aa3000 	D:\EDM115\Programmes\Java\javafx-sdk-20.0.1\bin\api-ms-win-crt-process-l1-1-0.dll
0x0000022921ab0000 - 0x0000022921ab4000 	D:\EDM115\Programmes\Java\javafx-sdk-20.0.1\bin\api-ms-win-crt-runtime-l1-1-0.dll
0x0000022921ac0000 - 0x0000022921ac4000 	D:\EDM115\Programmes\Java\javafx-sdk-20.0.1\bin\api-ms-win-crt-stdio-l1-1-0.dll
0x0000022921ad0000 - 0x0000022921ad4000 	D:\EDM115\Programmes\Java\javafx-sdk-20.0.1\bin\api-ms-win-crt-string-l1-1-0.dll
0x0000022921ae0000 - 0x0000022921ae3000 	D:\EDM115\Programmes\Java\javafx-sdk-20.0.1\bin\api-ms-win-crt-time-l1-1-0.dll
0x0000022921af0000 - 0x0000022921af3000 	D:\EDM115\Programmes\Java\javafx-sdk-20.0.1\bin\api-ms-win-crt-utility-l1-1-0.dll
0x00007ffad3170000 - 0x00007ffad326c000 	D:\EDM115\Programmes\Java\javafx-sdk-20.0.1\bin\ucrtbase.dll
0x00007ffae3b50000 - 0x00007ffae3b6b000 	D:\EDM115\Programmes\Java\javafx-sdk-20.0.1\bin\vcruntime140.dll
0x00007ffb07170000 - 0x00007ffb0717c000 	D:\EDM115\Programmes\Java\javafx-sdk-20.0.1\bin\vcruntime140_1.dll
0x00007ffad30e0000 - 0x00007ffad316e000 	D:\EDM115\Programmes\Java\javafx-sdk-20.0.1\bin\msvcp140.dll
0x00007ffaffb70000 - 0x00007ffaffb79000 	D:\EDM115\Programmes\Java\javafx-sdk-20.0.1\bin\msvcp140_1.dll
0x00007ffad73f0000 - 0x00007ffad7420000 	D:\EDM115\Programmes\Java\javafx-sdk-20.0.1\bin\msvcp140_2.dll
0x00007ffad50f0000 - 0x00007ffad511f000 	D:\EDM115\Programmes\Java\javafx-sdk-20.0.1\bin\prism_d3d.dll
0x00007ffaec200000 - 0x00007ffaec3a9000 	C:\WINDOWS\system32\d3d9.dll
0x00007ffb19410000 - 0x00007ffb1943b000 	C:\WINDOWS\SYSTEM32\dwmapi.dll
0x00007ffb192c0000 - 0x00007ffb192f8000 	C:\WINDOWS\SYSTEM32\dxcore.dll
0x00007ffb191c0000 - 0x00007ffb1926b000 	C:\WINDOWS\system32\uxtheme.dll
0x00007ffb05070000 - 0x00007ffb0522b000 	C:\WINDOWS\System32\DriverStore\FileRepository\u0391252.inf_amd64_b298c070ddf486e2\B391109\aticfx64.dll
0x00007ffad4eb0000 - 0x00007ffad4ee4000 	C:\WINDOWS\System32\DriverStore\FileRepository\u0391252.inf_amd64_b298c070ddf486e2\B391109\atiu9p64.dll
0x00007ffaadff0000 - 0x00007ffaaed45000 	C:\WINDOWS\System32\DriverStore\FileRepository\u0391252.inf_amd64_b298c070ddf486e2\B391109\atiumd64.dll
0x00007ffb1dfa0000 - 0x00007ffb1e13c000 	C:\WINDOWS\System32\ole32.dll
0x0000000072e00000 - 0x0000000073d4a000 	C:\WINDOWS\System32\DriverStore\FileRepository\u0391252.inf_amd64_b298c070ddf486e2\B391109\atiumd6a.dll
0x00007ffb1db20000 - 0x00007ffb1df94000 	C:\WINDOWS\System32\SETUPAPI.dll
0x00007ffb1bc90000 - 0x00007ffb1bcdd000 	C:\WINDOWS\SYSTEM32\POWRPROF.dll
0x00007ffb1bc70000 - 0x00007ffb1bc83000 	C:\WINDOWS\SYSTEM32\UMPDC.dll
0x00007ffb03030000 - 0x00007ffb03065000 	C:\WINDOWS\SYSTEM32\amdihk64.dll
0x00007ffb0e500000 - 0x00007ffb0e548000 	C:\WINDOWS\SYSTEM32\directxdatabasehelper.dll
0x00007ffad3090000 - 0x00007ffad30d2000 	D:\EDM115\Programmes\Java\javafx-sdk-20.0.1\bin\glass.dll
0x00007ffb1d960000 - 0x00007ffb1da57000 	C:\WINDOWS\System32\COMDLG32.dll
0x00007ffb1d170000 - 0x00007ffb1d297000 	C:\WINDOWS\System32\MSCTF.dll
0x00007ffae2970000 - 0x00007ffae2984000 	D:\EDM115\Programmes\Java\javafx-sdk-20.0.1\bin\javafx_font.dll
0x00007ffb17bf0000 - 0x00007ffb17e57000 	C:\WINDOWS\SYSTEM32\dwrite.dll
0x00007ffb1da60000 - 0x00007ffb1db10000 	C:\WINDOWS\System32\clbcatq.dll
0x00007ffb17a40000 - 0x00007ffb17bf0000 	C:\WINDOWS\SYSTEM32\WindowsCodecs.dll
0x00007ffaff730000 - 0x00007ffaff78e000 	C:\WINDOWS\system32\dataexchange.dll
0x00007ffb16dd0000 - 0x00007ffb1703e000 	C:\WINDOWS\system32\twinapi.appcore.dll
0x00007ffad4280000 - 0x00007ffad42b2000 	C:\Program Files\Common Files\Microsoft Shared\Ink\rtscom.dll
0x00007ffb023c0000 - 0x00007ffb024ed000 	C:\WINDOWS\SYSTEM32\textinputframework.dll
0x00007ffb18cf0000 - 0x00007ffb18e23000 	C:\WINDOWS\SYSTEM32\CoreMessaging.dll
0x00007ffb07440000 - 0x00007ffb077ac000 	C:\WINDOWS\SYSTEM32\CoreUIComponents.dll

dbghelp: loaded successfully - version: 4.0.5 - missing functions: none
symbol engine: initialized successfully - sym options: 0x614 - pdb path: .;D:\EDM115\Programmes\Java\jdk-20\bin;C:\WINDOWS\SYSTEM32;C:\WINDOWS\WinSxS\amd64_microsoft.windows.common-controls_6595b64144ccf1df_6.0.22621.1635_none_270f70857386168e;D:\EDM115\Programmes\Java\jdk-20\bin\server;C:\Program Files\Bonjour;D:\EDM115\Programmes\Java\javafx-sdk-20.0.1\bin;C:\WINDOWS\System32\DriverStore\FileRepository\u0391252.inf_amd64_b298c070ddf486e2\B391109;C:\Program Files\Common Files\Microsoft Shared\Ink

VM Arguments:
jvm_args: -agentlib:jdwp=transport=dt_socket,server=n,suspend=y,address=localhost:61339 --module-path=D:\\EDM115\\Programmes\\Java\\javafx-sdk-20.0.1\\lib --add-modules=javafx.controls,javafx.fxml,javafx.graphics,javafx.media,javafx.web --enable-preview --enable-preview -XX:+ShowCodeDetailsInExceptionMessages 
java_command: frontend.Accueil
java_class_path (initial): D:\EDM115\Documents\IUT\SAE 2.01\SAE-Velos-Nantes\2 - Java\2 - Code\Final\class;d:\EDM115\Documents\IUT\SAE 2.01\SAE-Velos-Nantes\2 - Java\2 - Code\Final\lib\javafx.web.jar;d:\EDM115\Documents\IUT\SAE 2.01\SAE-Velos-Nantes\2 - Java\2 - Code\Final\lib\javafx.controls.jar;d:\EDM115\Documents\IUT\SAE 2.01\SAE-Velos-Nantes\2 - Java\2 - Code\Final\lib\javafx.swing.jar;d:\EDM115\Documents\IUT\SAE 2.01\SAE-Velos-Nantes\2 - Java\2 - Code\Final\lib\javafx.fxml.jar;d:\EDM115\Documents\IUT\SAE 2.01\SAE-Velos-Nantes\2 - Java\2 - Code\Final\lib\javafx.base.jar;d:\EDM115\Documents\IUT\SAE 2.01\SAE-Velos-Nantes\2 - Java\2 - Code\Final\lib\jfoenix-9.0.9.jar;d:\EDM115\Documents\IUT\SAE 2.01\SAE-Velos-Nantes\2 - Java\2 - Code\Final\lib\mysql-connector-j-8.0.33.jar;d:\EDM115\Documents\IUT\SAE 2.01\SAE-Velos-Nantes\2 - Java\2 - Code\Final\lib\javafx.media.jar;d:\EDM115\Documents\IUT\SAE 2.01\SAE-Velos-Nantes\2 - Java\2 - Code\Final\lib\jfoenix-9.0.9-javadoc.jar;d:\EDM115\Documents\IUT\SAE 2.01\SAE-Velos-Nantes\2 - Java\2 - Code\Final\lib\javafx.graphics.jar;d:\EDM115\Documents\IUT\SAE 2.01\SAE-Velos-Nantes\2 - Java\2 - Code\Final\lib\javafx-swt.jar;d:\EDM115\Documents\IUT\SAE 2.01\SAE-Velos-Nantes\2 - Java\2 - Code\Final\lib\gson-2.10.1.jar
Launcher Type: SUN_STANDARD

[Global flags]
     intx CICompilerCount                          = 4                                         {product} {ergonomic}
     uint ConcGCThreads                            = 3                                         {product} {ergonomic}
     uint G1ConcRefinementThreads                  = 10                                        {product} {ergonomic}
   size_t G1HeapRegionSize                         = 2097152                                   {product} {ergonomic}
    uintx GCDrainStackTargetSize                   = 64                                        {product} {ergonomic}
   size_t InitialHeapSize                          = 232783872                                 {product} {ergonomic}
   size_t MarkStackSize                            = 4194304                                   {product} {ergonomic}
   size_t MaxHeapSize                              = 3718250496                                {product} {ergonomic}
   size_t MaxNewSize                               = 2229272576                                {product} {ergonomic}
   size_t MinHeapDeltaBytes                        = 2097152                                   {product} {ergonomic}
   size_t MinHeapSize                              = 8388608                                   {product} {ergonomic}
    uintx NonNMethodCodeHeapSize                   = 5839372                                {pd product} {ergonomic}
    uintx NonProfiledCodeHeapSize                  = 122909434                              {pd product} {ergonomic}
    uintx ProfiledCodeHeapSize                     = 122909434                              {pd product} {ergonomic}
    uintx ReservedCodeCacheSize                    = 251658240                              {pd product} {ergonomic}
     bool SegmentedCodeCache                       = true                                      {product} {ergonomic}
     bool ShowCodeDetailsInExceptionMessages       = true                                   {manageable} {command line}
   size_t SoftMaxHeapSize                          = 3718250496                             {manageable} {ergonomic}
     bool UseCompressedClassPointers               = true                           {product lp64_product} {ergonomic}
     bool UseCompressedOops                        = true                           {product lp64_product} {ergonomic}
     bool UseG1GC                                  = true                                      {product} {ergonomic}
     bool UseLargePagesIndividualAllocation        = false                                  {pd product} {ergonomic}

Logging:
Log output configuration:
 #0: stdout all=warning uptime,level,tags foldmultilines=false
 #1: stderr all=off uptime,level,tags foldmultilines=false

Environment Variables:
JAVA_HOME=D:\EDM115\Programmes\Java\jdk-20
CLASSPATH=..\class;..\lib\hamcrest-core-1.3.jar;..\lib\junit-4.11.jar
PATH=C:\Program Files\PowerShell\7;C:\Program Files (x86)\Common Files\Intel\Shared Libraries\redist\intel64_win\compiler;D:\EDM115\Programmes\oraclexe\app\oracle\product\11.2.0\server\bin;D:\EDM115\Programmes\Java\jdk-20\bin;D:\EDM115\Programmes\Python3\Scripts\;D:\EDM115\Programmes\Python3\;D:\EDM115\Programmes\nodejs\;C:\Windows\System32;C:\Windows;D:\EDM115\Programmes\Gradle\gradle-8.1.1\bin;C:\Windows\System32\wbem;C:\Windows\System32\WindowsPowerShell\v1.0\;C:\Windows\System32\OpenSSH\;D:\EDM115\Programmes\Microsoft VS Code Insiders\bin;C:\Program Files\dotnet\;D:\EDM115\Programmes\hugo;D:\EDM115\Programmes\Git LFS;D:\EDM115\Programmes\GitHub CLI\;C:\Program Files\PowerShell\7\;C:\Program Files (x86)\NVIDIA Corporation\PhysX\Common;D:\EDM115\Programmes\Git\cmd;D:\EDM115\Programmes\Gpg4win\..\GnuPG\bin;D:\EDM115\Programmes\MongoDB\Tools\100\bin;C:\Program Files\MySQL\MySQL Shell 8.0\bin\;C:\Users\EDM115\.console-ninja\.bin;C:\Users\EDM115\AppData\Local\Microsoft\WindowsApps;C:\Users\EDM115\AppData\Local\GitHubDesktop\bin;C:\Users\EDM115\AppData\Local\gitkraken\bin;C:\Users\EDM115\.dotnet\tools;C:\Users\EDM115\go\bin;D:\EDM115\Programmes\mongosh\;C:\Users\EDM115\AppData\Roaming\npm;C:\Users\EDM115\AppData\Local\Microsoft\WindowsApps;;D:\EDM115\Programmes\JetBrains\IntelliJ IDEA 2023.1.2\bin;
USERNAME=EDM115
LANG=en_US.UTF-8
OS=Windows_NT
PROCESSOR_IDENTIFIER=AMD64 Family 23 Model 104 Stepping 1, AuthenticAMD
TMP=C:\Users\EDM115\AppData\Local\Temp
TEMP=C:\Users\EDM115\AppData\Local\Temp




---------------  S Y S T E M  ---------------

OS:
 Windows 11 , 64 bit Build 22621 (10.0.22621.1778)
OS uptime: 7 days 7:16 hours
Hyper-V role detected

CPU: total 12 (initial active 12) (12 cores per cpu, 2 threads per core) family 23 model 104 stepping 1 microcode 0x0, cx8, cmov, fxsr, ht, mmx, 3dnowpref, sse, sse2, sse3, ssse3, sse4a, sse4.1, sse4.2, popcnt, lzcnt, tsc, tscinvbit, avx, avx2, aes, clmul, bmi1, bmi2, adx, sha, fma, vzeroupper, clflush, clflushopt, hv, rdtscp, rdpid, f16c

Memory: 4k page, system-wide physical 14181M (5150M free)
TotalPageFile size 16229M (AvailPageFile size 568M)
current process WorkingSet (physical memory assigned to process): 895M, peak: 899M
current process commit charge ("private bytes"): 1713M, peak: 2349M

vm_info: Java HotSpot(TM) 64-Bit Server VM (20.0.1+9-29) for windows-amd64 JRE (20.0.1+9-29), built on 2023-03-07T13:56:11Z by "mach5one" with MS VC++ 17.1 (VS2022)

END.
